travis_fold:start:worker_info
[0K[33;1mWorker information[0m
hostname: 0f1770b3-b0eb-4a7d-845e-0daf4c07bf34@1.worker-org-cfdfb76bd-wpjwc.gce-production-4
version: v6.2.20-1-g3a987d6 https://github.com/travis-ci/worker/tree/3a987d61ed169c9539ad435d1a9b5f2d8c6ce4a6
instance: travis-job-1dc61fdf-295a-469b-bd43-70b374b8e3e2 travis-ci-sardonyx-xenial-1593004276-4d46c6b3 (via amqp)
startup: 6.107082472s
travis_fold:end:worker_info
[0Ktravis_time:start:17fc23f0
[0Ktravis_time:end:17fc23f0:start=1605073316745017142,finish=1605073316887771307,duration=142754165,event=no_world_writable_dirs
[0Ktravis_time:start:1b40a9d4
[0Ktravis_time:end:1b40a9d4:start=1605073316890655876,finish=1605073316893337861,duration=2681985,event=setup_filter
[0Ktravis_time:start:00f78e07
[0Ktravis_time:end:00f78e07:start=1605073316897499483,finish=1605073316906319607,duration=8820124,event=agent
[0Ktravis_time:start:0c2a95c0
[0Ktravis_time:end:0c2a95c0:start=1605073316908976768,finish=1605073316911325927,duration=2349159,event=check_unsupported
[0Ktravis_time:start:0650386c
[0Ktravis_fold:start:system_info
[0K[33;1mBuild system information[0m
Build language: generic
Build dist: xenial
Build id: 742872292
Job id: 742872293
Runtime kernel version: 4.15.0-1077-gcp
travis-build version: 07c42db3
[34m[1mBuild image provisioning date and time[0m
Wed Jun 24 13:36:52 UTC 2020
[34m[1mOperating System Details[0m
Distributor ID:	Ubuntu
Description:	Ubuntu 16.04.6 LTS
Release:	16.04
Codename:	xenial
[34m[1mSystemd Version[0m
systemd 229
[34m[1mCookbooks Version[0m
3f92a99 https://github.com/travis-ci/travis-cookbooks/tree/3f92a99
[34m[1mgit version[0m
git version 2.27.0
[34m[1mbash version[0m
GNU bash, version 4.3.48(1)-release (x86_64-pc-linux-gnu)
[34m[1mgcc version[0m
gcc (Ubuntu 5.4.0-6ubuntu1~16.04.12) 5.4.0 20160609
[34m[1mdocker version[0m
Client:
 Version:           18.06.0-ce
 API version:       1.38
 Go version:        go1.10.3
 Git commit:        0ffa825
 Built:             Wed Jul 18 19:11:02 2018
 OS/Arch:           linux/amd64
 Experimental:      false

Server:
 Engine:
  Version:          18.06.0-ce
  API version:      1.38 (minimum version 1.12)
  Go version:       go1.10.3
  Git commit:       0ffa825
  Built:            Wed Jul 18 19:09:05 2018
  OS/Arch:          linux/amd64
  Experimental:     false
[34m[1mclang version[0m
clang version 7.0.0 (tags/RELEASE_700/final)
[34m[1mjq version[0m
jq-1.5
[34m[1mbats version[0m
Bats 0.4.0
[34m[1mshellcheck version[0m
0.7.0
[34m[1mshfmt version[0m
v2.6.3
[34m[1mccache version[0m
3.2.4
[34m[1mcmake version[0m
cmake version 3.12.4
[34m[1mheroku version[0m
heroku/7.42.1 linux-x64 node-v12.16.2
[34m[1mimagemagick version[0m
Version: ImageMagick 6.8.9-9 Q16 x86_64 2019-11-12 http://www.imagemagick.org
[34m[1mmd5deep version[0m
4.4
[34m[1mmercurial version[0m
version 4.8
[34m[1mmysql version[0m
mysql  Ver 14.14 Distrib 5.7.30, for Linux (x86_64) using  EditLine wrapper
[34m[1mopenssl version[0m
OpenSSL 1.0.2g  1 Mar 2016
[34m[1mpacker version[0m
1.3.3
[34m[1mpostgresql client version[0m
psql (PostgreSQL) 10.13 (Ubuntu 10.13-1.pgdg16.04+1)
[34m[1mragel version[0m
Ragel State Machine Compiler version 6.8 Feb 2013
[34m[1msudo version[0m
1.8.16
[34m[1mgzip version[0m
gzip 1.6
[34m[1mzip version[0m
Zip 3.0
[34m[1mvim version[0m
VIM - Vi IMproved 7.4 (2013 Aug 10, compiled Mar 18 2020 14:06:17)
[34m[1miptables version[0m
iptables v1.6.0
[34m[1mcurl version[0m
curl 7.47.0 (x86_64-pc-linux-gnu) libcurl/7.47.0 GnuTLS/3.4.10 zlib/1.2.8 libidn/1.32 librtmp/2.3
[34m[1mwget version[0m
GNU Wget 1.17.1 built on linux-gnu.
[34m[1mrsync version[0m
rsync  version 3.1.1  protocol version 31
[34m[1mgimme version[0m
v1.5.4
[34m[1mnvm version[0m
0.35.3
[34m[1mperlbrew version[0m
/home/travis/perl5/perlbrew/bin/perlbrew  - App::perlbrew/0.88
[34m[1mphpenv version[0m
rbenv 1.1.2-30-gc879cb0
[34m[1mrvm version[0m
rvm 1.29.10 (latest) by Michal Papis, Piotr Kuczynski, Wayne E. Seguin [https://rvm.io]
[34m[1mdefault ruby version[0m
ruby 2.5.3p105 (2018-10-18 revision 65156) [x86_64-linux]
[34m[1mCouchDB version[0m
couchdb 1.6.1
[34m[1mElasticSearch version[0m
5.5.0
[34m[1mInstalled Firefox version[0m
firefox 63.0.1
[34m[1mMongoDB version[0m
MongoDB 4.0.19
[34m[1mPhantomJS version[0m
2.1.1
[34m[1mPre-installed PostgreSQL versions[0m
9.4.26
9.5.22
9.6.18
[34m[1mRedis version[0m
redis-server 6.0.5
[34m[1mPre-installed Go versions[0m
1.11.1
[34m[1mant version[0m
Apache Ant(TM) version 1.9.6 compiled on July 20 2018
[34m[1mmvn version[0m
Apache Maven 3.6.3 (cecedd343002696d0abb50b32b541b8a6ba2883f)
[34m[1mgradle version[0m
Gradle 5.1.1!
[34m[1mlein version[0m
Leiningen 2.9.3 on Java 11.0.2 OpenJDK 64-Bit Server VM
[34m[1mPre-installed Node.js versions[0m
v10.21.0
v11.0.0
v12.18.1
v4.9.1
v6.17.1
v8.12.0
v8.17.0
v8.9
[34m[1mphpenv versions[0m
  system
  5.6
  5.6.40
  7.1
  7.1.27
  7.2
* 7.2.15 (set by /home/travis/.phpenv/version)
  hhvm
  hhvm-stable
[34m[1mcomposer --version[0m
Composer version 1.8.4 2019-02-11 10:52:10
[34m[1mPre-installed Ruby versions[0m
ruby-2.3.8
ruby-2.4.5
ruby-2.5.3
travis_fold:end:system_info
[0K
travis_time:end:0650386c:start=1605073316914003445,finish=1605073316918933412,duration=4929967,event=show_system_info
[0Ktravis_time:start:200ed260
[0Ktravis_time:end:200ed260:start=1605073316921745019,finish=1605073316936435518,duration=14690499,event=rm_riak_source
[0Ktravis_time:start:02ec62d8
[0Ktravis_time:end:02ec62d8:start=1605073316940049754,finish=1605073316945952090,duration=5902336,event=fix_rwky_redis
[0Ktravis_time:start:03887763
[0Ktravis_time:end:03887763:start=1605073316949443828,finish=1605073317586918313,duration=637474485,event=wait_for_network
[0Ktravis_time:start:1629d2ea
[0Ktravis_time:end:1629d2ea:start=1605073317590882454,finish=1605073317841412744,duration=250530290,event=update_apt_keys
[0Ktravis_time:start:37384a84
[0Ktravis_time:end:37384a84:start=1605073317845559393,finish=1605073317899077389,duration=53517996,event=fix_hhvm_source
[0Ktravis_time:start:16f8aa0f
[0Ktravis_time:end:16f8aa0f:start=1605073317903369274,finish=1605073317906336532,duration=2967258,event=update_mongo_arch
[0Ktravis_time:start:01aa7468
[0Ktravis_time:end:01aa7468:start=1605073317910123718,finish=1605073317952774522,duration=42650804,event=fix_sudo_enabled_trusty
[0Ktravis_time:start:26dbb8df
[0Ktravis_time:end:26dbb8df:start=1605073317957118547,finish=1605073317959625727,duration=2507180,event=update_glibc
[0Ktravis_time:start:0606d818
[0Ktravis_time:end:0606d818:start=1605073317963675606,finish=1605073317972136307,duration=8460701,event=clean_up_path
[0Ktravis_time:start:14bc2b30
[0Ktravis_time:end:14bc2b30:start=1605073317976126122,finish=1605073317985469741,duration=9343619,event=fix_resolv_conf
[0Ktravis_time:start:0102d814
[0Ktravis_time:end:0102d814:start=1605073317989484458,finish=1605073317998588781,duration=9104323,event=fix_etc_hosts
[0Ktravis_time:start:09571298
[0Ktravis_time:end:09571298:start=1605073318002747592,finish=1605073318015628677,duration=12881085,event=fix_mvn_settings_xml
[0Ktravis_time:start:0037ba62
[0Ktravis_time:end:0037ba62:start=1605073318020141832,finish=1605073318030477628,duration=10335796,event=no_ipv6_localhost
[0Ktravis_time:start:19b1bb7c
[0Ktravis_time:end:19b1bb7c:start=1605073318035063851,finish=1605073318037315588,duration=2251737,event=fix_etc_mavenrc
[0Ktravis_time:start:28e1056c
[0Ktravis_time:end:28e1056c:start=1605073318043349261,finish=1605073318047028680,duration=3679419,event=fix_wwdr_certificate
[0Ktravis_time:start:066e7618
[0Ktravis_time:end:066e7618:start=1605073318053548479,finish=1605073318078107744,duration=24559265,event=put_localhost_first
[0Ktravis_time:start:11da6d88
[0Ktravis_time:end:11da6d88:start=1605073318084128282,finish=1605073318087578020,duration=3449738,event=home_paths
[0Ktravis_time:start:004bb7fc
[0Ktravis_time:end:004bb7fc:start=1605073318093114760,finish=1605073318106150220,duration=13035460,event=disable_initramfs
[0Ktravis_time:start:00b21bc8
[0Ktravis_time:end:00b21bc8:start=1605073318110736486,finish=1605073318512082745,duration=401346259,event=disable_ssh_roaming
[0Ktravis_time:start:1103f808
[0Ktravis_time:end:1103f808:start=1605073318516436500,finish=1605073318518791709,duration=2355209,event=debug_tools
[0Ktravis_time:start:0142760c
[0Ktravis_time:end:0142760c:start=1605073318522818203,finish=1605073318526023205,duration=3205002,event=uninstall_oclint
[0Ktravis_time:start:1c2b2fd7
[0Ktravis_time:end:1c2b2fd7:start=1605073318530189889,finish=1605073318533122472,duration=2932583,event=rvm_use
[0Ktravis_time:start:0b9031c0
[0Ktravis_time:end:0b9031c0:start=1605073318536904156,finish=1605073318545062678,duration=8158522,event=rm_etc_boto_cfg
[0Ktravis_time:start:05504fe2
[0Ktravis_time:end:05504fe2:start=1605073318549074222,finish=1605073318554877974,duration=5803752,event=rm_oraclejdk8_symlink
[0Ktravis_time:start:07f70118
[0Ktravis_time:end:07f70118:start=1605073318559527138,finish=1605073318665731450,duration=106204312,event=enable_i386
[0Ktravis_time:start:2748747f
[0Ktravis_time:end:2748747f:start=1605073318671180688,finish=1605073318676411680,duration=5230992,event=update_rubygems
[0Ktravis_time:start:02a10b9e
[0Ktravis_time:end:02a10b9e:start=1605073318681187468,finish=1605073319505457929,duration=824270461,event=ensure_path_components
[0Ktravis_time:start:217a6347
[0Ktravis_time:end:217a6347:start=1605073319509568278,finish=1605073319511943970,duration=2375692,event=redefine_curl
[0Ktravis_time:start:212f8b60
[0Ktravis_time:end:212f8b60:start=1605073319515803682,finish=1605073319631226370,duration=115422688,event=nonblock_pipe
[0Ktravis_time:start:23ac8e1a
[0Ktravis_time:end:23ac8e1a:start=1605073319635887770,finish=1605073325669235263,duration=6033347493,event=apt_get_update
[0Ktravis_time:start:0cfed298
[0Ktravis_time:end:0cfed298:start=1605073325673422831,finish=1605073325675840242,duration=2417411,event=deprecate_xcode_64
[0Ktravis_time:start:31238490
[0Ktravis_time:end:31238490:start=1605073325680285189,finish=1605073328387177687,duration=2706892498,event=update_heroku
[0Ktravis_time:start:1ce6b3ac
[0Ktravis_time:end:1ce6b3ac:start=1605073328393937778,finish=1605073328396227374,duration=2289596,event=shell_session_update
[0Ktravis_time:start:0db392e8
[0Ktravis_fold:start:docker_mtu_and_registry_mirrors
[0Ktravis_fold:end:docker_mtu_and_registry_mirrors
[0Ktravis_time:end:0db392e8:start=1605073328400303604,finish=1605073330984525429,duration=2584221825,event=set_docker_mtu_and_registry_mirrors
[0Ktravis_time:start:0100960a
[0Ktravis_fold:start:resolvconf
[0Ktravis_fold:end:resolvconf
[0Ktravis_time:end:0100960a:start=1605073330989427401,finish=1605073331050740033,duration=61312632,event=resolvconf
[0Ktravis_time:start:171c6d86
[0Ktravis_time:end:171c6d86:start=1605073331059989031,finish=1605073331197940745,duration=137951714,event=maven_central_mirror
[0Ktravis_time:start:11303edd
[0Ktravis_time:end:11303edd:start=1605073331202583136,finish=1605073331293229334,duration=90646198,event=maven_https
[0Ktravis_time:start:033697d9
[0Ktravis_fold:start:services
[0Ktravis_time:start:1b39a170
[0K$ sudo systemctl start docker
travis_time:end:1b39a170:start=1605073331302714243,finish=1605073331314718130,duration=12003887,event=prepare
[0Ktravis_fold:end:services
[0Ktravis_time:end:1b39a170:start=1605073331302714243,finish=1605073334319694614,duration=3016980371,event=services
[0Ktravis_time:start:28788b74
[0Ktravis_time:end:28788b74:start=1605073334325000405,finish=1605073334327605628,duration=2605223,event=fix_ps4
[0Ktravis_time:start:01d95248
[0K
travis_fold:start:git.checkout
[0Ktravis_time:start:12b638e8
[0K$ git clone --depth=50 --branch=main https://github.com/rylandtikes/multi-docker.git rylandtikes/multi-docker
Cloning into 'rylandtikes/multi-docker'...
travis_time:end:12b638e8:start=1605073334335887560,finish=1605073334877663087,duration=541775527,event=checkout
[0K$ cd rylandtikes/multi-docker
$ git checkout -qf 06b574e4c0c12d2c7d9181e0dd32c414d6dc1941
travis_fold:end:git.checkout
[0K
travis_time:end:12b638e8:start=1605073334335887560,finish=1605073334888365729,duration=552478169,event=checkout
[0Ktravis_time:start:1c0bb920
[0K
[33;1mSetting environment variables from repository settings[0m
$ export DOCKER_ID=[secure]
$ export DOCKER_PASSWORD=[secure]

travis_time:end:1c0bb920:start=1605073334892523136,finish=1605073334899335262,duration=6812126,event=env
[0K$ bash -c 'echo $BASH_VERSION'
4.3.48(1)-release

travis_fold:start:before_install
[0Ktravis_time:start:14c42c50
[0K$ docker build -t [secure]/react-test -f ./client/Dockerfile.dev ./client
Sending build context to Docker daemon  56.83kB


Step 1/6 : FROM node:14.14.0-alpine
14.14.0-alpine: Pulling from library/node
cbdbe7a5bc2a: Pulling fs layer
378c9540b231: Pulling fs layer
fd5173d17220: Pulling fs layer
72f138d46980: Pulling fs layer
72f138d46980: Waiting
fd5173d17220: Verifying Checksum
fd5173d17220: Download complete
cbdbe7a5bc2a: Verifying Checksum
cbdbe7a5bc2a: Download complete
378c9540b231: Verifying Checksum
378c9540b231: Download complete
72f138d46980: Verifying Checksum
72f138d46980: Download complete
cbdbe7a5bc2a: Pull complete
378c9540b231: Pull complete
fd5173d17220: Pull complete
72f138d46980: Pull complete
Digest: sha256:97c4cddbbf97299f5eda09946ba31d424c84848d4f4c1b7adef40e2e0d478345
Status: Downloaded newer image for node:14.14.0-alpine
 ---> fa2fa5d4e6f4
Step 2/6 : WORKDIR "/app"
 ---> Running in 0e85974cb7a0
Removing intermediate container 0e85974cb7a0
 ---> b4462d9a3760
Step 3/6 : COPY ./package.json ./
 ---> 7a1a52811fd7
Step 4/6 : RUN npm install
 ---> Running in fa26db7a382e
[91mnpm[0m[91m WARN [0m[91mdeprecated eslint-loader@3.0.3: This loader has been deprecated. Please use eslint-webpack-plugin
[0m[91mnpm WARN deprecated fsevents@2.1.2: Please update to latest version
[0m[91mnpm WARN deprecated urix@0.1.0: Please see https://github.com/lydell/urix#deprecated
[0m[91mnpm WARN deprecated @types/testing-library__dom@7.5.0: This is a stub types definition. testing-library__dom provides its own type definitions, so you do not need this installed.
[0m[91mnpm WARN deprecated chokidar@2.1.8: Chokidar 2 will break on node v14+. Upgrade to chokidar 3 with 15x less dependencies.
[0m[91mnpm WARN deprecated resolve-url@0.2.1: https://github.com/lydell/resolve-url#deprecated
[0m[91mnpm WARN[0m[91m deprecated request@2.88.2: request has been deprecated, see https://github.com/request/request/issues/3142
[0m[91mnpm [0m[91mWARN deprecated[0m[91m request-promise-native@1.0.9: request-promise-native has been deprecated because it extends the now deprecated request package, see https://github.com/request/request/issues/3142
[0m[91mnpm WARN deprecated fsevents@1.2.13: fsevents 1 will break on node v14+ and could be using insecure binaries. Upgrade to fsevents 2.
[0m[91mnpm WARN deprecated @hapi/joi@15.1.1: Switch to 'npm install joi'
[0m[91mnpm WARN deprecated har-validator@5.1.5: this library is no longer supported
[0m[91mnpm WARN deprecated @hapi/bourne@1.3.2: This version has been deprecated and is no longer supported or maintained
[0m[91mnpm WARN deprecated @hapi/topo@3.1.6: This version has been deprecated and is no longer supported or maintained
npm WARN deprecated @hapi/hoek@8.5.1: This version has been deprecated and is no longer supported or maintained
[0m[91mnpm WARN deprecated @hapi/address@2.1.4: Moved to 'npm install @sideway/address'
[0m[91mnpm WARN deprecated left-pad@1.3.0: use String.prototype.padStart()
[0m[91mnpm WARN deprecated core-js@2.6.11: core-js@<3 is no longer maintained and not recommended for usage due to the number of issues. Please, upgrade your dependencies to the actual version of core-js@3.
[0m
> core-js@2.6.11 postinstall /app/node_modules/babel-runtime/node_modules/core-js
> node -e "try{require('./postinstall')}catch(e){}"

[96mThank you for using core-js ([94m https://github.com/zloirock/core-js [96m) for polyfilling JavaScript standard library![0m

[96mThe project needs your help! Please consider supporting of core-js on Open Collective or Patreon: [0m
[96m>[94m https://opencollective.com/core-js [0m
[96m>[94m https://www.patreon.com/zloirock [0m

[96mAlso, the author of core-js ([94m https://github.com/zloirock [96m) is looking for a good job -)[0m


> core-js@3.7.0 postinstall /app/node_modules/core-js
> node -e "try{require('./postinstall')}catch(e){}"

[96mThank you for using core-js ([94m https://github.com/zloirock/core-js [96m) for polyfilling JavaScript standard library![0m

[96mThe project needs your help! Please consider supporting of core-js on Open Collective or Patreon: [0m
[96m>[94m https://opencollective.com/core-js [0m
[96m>[94m https://www.patreon.com/zloirock [0m

[96mAlso, the author of core-js ([94m https://github.com/zloirock [96m) is looking for a good job -)[0m


> core-js-pure@3.7.0 postinstall /app/node_modules/core-js-pure
> node -e "try{require('./postinstall')}catch(e){}"

[96mThank you for using core-js ([94m https://github.com/zloirock/core-js [96m) for polyfilling JavaScript standard library![0m

[96mThe project needs your help! Please consider supporting of core-js on Open Collective or Patreon: [0m
[96m>[94m https://opencollective.com/core-js [0m
[96m>[94m https://www.patreon.com/zloirock [0m

[96mAlso, the author of core-js ([94m https://github.com/zloirock [96m) is looking for a good job -)[0m

[91mnpm notice created a lockfile as package-lock.json. You should commit this file.
[0m[91mnpm WARN optional SKIPPING OPTIONAL DEPENDENCY: fsevents@2.1.2 (node_modules/react-scripts/node_modules/fsevents):
npm WARN notsup SKIPPING OPTIONAL DEPENDENCY: Unsupported platform for fsevents@2.1.2: wanted {"os":"darwin","arch":"any"} (current: {"os":"linux","arch":"x64"})
[0m[91mnpm WARN optional SKIPPING OPTIONAL DEPENDENCY: fsevents@^1.2.7 (node_modules/jest-haste-map/node_modules/fsevents):
npm WARN notsup SKIPPING OPTIONAL DEPENDENCY: Unsupported platform for fsevents@1.2.13: wanted {"os":"darwin","arch":"any"} (current: {"os":"linux","arch":"x64"})
[0m[91mnpm WARN optional SKIPPING OPTIONAL DEPENDENCY: fsevents@^1.2.7 (node_modules/watchpack-chokidar2/node_modules/chokidar/node_modules/fsevents):
npm WARN notsup SKIPPING OPTIONAL DEPENDENCY: Unsupported platform for fsevents@1.2.13: wanted {"os":"darwin","arch":"any"} (current: {"os":"linux","arch":"x64"})
[0m[91mnpm WARN optional SKIPPING OPTIONAL DEPENDENCY: fsevents@^1.2.7 (node_modules/webpack-dev-server/node_modules/chokidar/node_modules/fsevents):
npm WARN notsup SKIPPING OPTIONAL DEPENDENCY: Unsupported platform for fsevents@1.2.13: wanted {"os":"darwin","arch":"any"} (current: {"os":"linux","arch":"x64"})
[0m[91mnpm WARN tsutils@3.17.1 requires a peer of typescript@>=2.8.0 || >= 3.2.0-dev || >= 3.3.0-dev || >= 3.4.0-dev || >= 3.5.0-dev || >= 3.6.0-dev || >= 3.6.0-beta || >= 3.7.0-dev || >= 3.7.0-beta but none is installed. You must install peer dependencies yourself.
[0m[91m
[0madded 1642 packages from 789 contributors and audited 1646 packages in 34.386s

77 packages are looking for funding
  run `npm fund` for details

found 2 vulnerabilities (1 moderate, 1 high)
  run `npm audit fix` to fix them, or `npm audit` for details
Removing intermediate container fa26db7a382e
 ---> 33df0dc64f74
Step 5/6 : COPY . .
 ---> 3f7ae2462089
Step 6/6 : CMD ["npm", "run", "start"]
 ---> Running in 4311b1423b37
Removing intermediate container 4311b1423b37
 ---> 187ea6dee894
Successfully built 187ea6dee894
Successfully tagged [secure]/react-test:latest
travis_time:end:14c42c50:start=1605073334906276087,finish=1605073389359523015,duration=54453246928,event=before_install
[0Ktravis_fold:end:before_install
[0Ktravis_time:start:2f6701b2
[0K$ docker run -e CI=true [secure]/react-test npm test

> client@0.1.0 test /app
> react-scripts test

PASS src/App.test.js
  âœ“ renders learn react link (8ms)

Test Suites: 1 passed, 1 total
Tests:       1 passed, 1 total
Snapshots:   0 total
Time:        2.003s
Ran all test suites.
travis_time:end:2f6701b2:start=1605073389365465702,finish=1605073392867388068,duration=3501922366,event=script
[0K[32;1mThe command "docker run -e CI=true [secure]/react-test npm test" exited with 0.[0m

travis_fold:start:after_success.1
[0Ktravis_time:start:04ee8430
[0K$ docker build -t [secure]/multi-client ./client
Sending build context to Docker daemon  56.83kB


Step 1/10 : FROM node:alpine as builder
alpine: Pulling from library/node
cbdbe7a5bc2a: Already exists
a4b151823ee6: Pulling fs layer
d82c29f67600: Pulling fs layer
26f4460e3393: Pulling fs layer
26f4460e3393: Download complete
d82c29f67600: Verifying Checksum
d82c29f67600: Download complete
a4b151823ee6: Download complete
a4b151823ee6: Pull complete
d82c29f67600: Pull complete
26f4460e3393: Pull complete
Digest: sha256:9b29750f00565f816a10b9aa9a5420c733164b59f72270360a18dce1af80183d
Status: Downloaded newer image for node:alpine
 ---> b3dce3e0529f
Step 2/10 : WORKDIR '/app'
 ---> Running in 8322c538ab38
Removing intermediate container 8322c538ab38
 ---> 385be7144b55
Step 3/10 : COPY ./package.json ./
 ---> 84948c3b834a
Step 4/10 : RUN npm install
 ---> Running in 3692acaa27d7
[91mnpm[0m[91m WARN deprecated @hapi/topo@3.1.6: This version has been deprecated and is no longer supported or maintained
[0m[91mnpm WARN [0m[91mdeprecated @hapi/bourne@1.3.2: This version has been deprecated and is no longer supported or maintained
[0m[91mnpm WARN deprecated @hapi/address@2.1.4: Moved to 'npm install @sideway/address'
[0m[91mnpm WARN deprecated @hapi/hoek@8.5.1: This version has been deprecated and is no longer supported or maintained
[0m[91mnpm WARN deprecated fsevents@1.2.13: fsevents 1 will break on node v14+ and could be using insecure binaries. Upgrade to fsevents 2.
[0m[91mnpm WARN deprecated chokidar@2.1.8: Chokidar 2 will break on node v14+. Upgrade to chokidar 3 with 15x less dependencies.
[0m[91mnpm WARN deprecated resolve-url@0.2.1: https://github.com/lydell/resolve-url#deprecated
[0m[91mnpm WARN [0m[91mdeprecated @hapi/joi@15.1.1: Switch to 'npm install joi'
[0m[91mnpm WARN deprecated har-validator@5.1.5: this library is no longer supported
[0m[91mnpm WARN [0m[91mdeprecated request-promise-native@1.0.9: request-promise-native has been deprecated because it extends the now deprecated request package, see https://github.com/request/request/issues/3142
[0m[91mnpm WARN deprecated[0m[91m left-pad@1.3.0: use String.prototype.padStart()
[0m[91mnpm WARN deprecated[0m[91m request@2.88.2: request has been deprecated, see https://github.com/request/request/issues/3142
[0m[91mnpm WARN deprecated fsevents@1.2.13: fsevents 1 will break on node v14+ and could be using insecure binaries. Upgrade to fsevents 2.
[0m[91mnpm WARN deprecated fsevents@1.2.13: fsevents 1 will break on node v14+ and could be using insecure binaries. Upgrade to fsevents 2.
[0m[91mnpm WARN deprecated fsevents@2.1.2: Please update to latest version
[0m[91mnpm WARN deprecated chokidar@2.1.8: Chokidar 2 will break on node v14+. Upgrade to chokidar 3 with 15x less dependencies.
[0m[91mnpm WARN[0m[91m deprecated eslint-loader@3.0.3: This loader has been deprecated. Please use eslint-webpack-plugin
[0m[91mnpm WARN deprecated[0m[91m urix@0.1.0: Please see https://github.com/lydell/urix#deprecated
[0m[91mnpm WARN deprecated @types/testing-library__dom@7.5.0: This is a stub types definition. testing-library__dom provides its own type definitions, so you do not need this installed.
[0m[91mnpm WARN deprecated core-js@2.6.11: core-js@<3 is no longer maintained and not recommended for usage due to the number of issues. Please, upgrade your dependencies to the actual version of core-js@3.
[0m
added 1963 packages, and audited 1963 packages in 60s

76 packages are looking for funding
  run `npm fund` for details

5 vulnerabilities (1 moderate, 4 high)

To address all issues, run:
  npm audit fix --force

Run `npm audit` for details.
[91mnpm notice 
npm [0m[91mnotice New patch version of npm available! 7.0.8 -> 7.0.10
npm notice Changelog: <https://github.com/npm/cli/releases/tag/v7.0.10>
npm notice Run `npm install -g npm@7.0.10` to update!
[0m[91mnpm [0m[91mnotice 
[0mRemoving intermediate container 3692acaa27d7
 ---> da484ac85068
Step 5/10 : COPY . .
 ---> 43c9c23a415e
Step 6/10 : RUN npm run build
 ---> Running in ba97ef9a2eac

> client@0.1.0 build
> react-scripts build

Creating an optimized production build...
Compiled successfully.

File sizes after gzip:

  52.33 KB  build/static/js/2.04c3c698.chunk.js
  1.43 KB   build/static/js/main.9709b9c7.chunk.js
  773 B     build/static/js/runtime-main.09b85ec0.js
  531 B     build/static/css/main.435d5fe5.chunk.css

The project was built assuming it is hosted at /.
You can control this with the homepage field in your package.json.

The build folder is ready to be deployed.
You may serve it with a static server:

  npm install -g serve
  serve -s build

Find out more about deployment here:

  bit.ly/CRA-deploy

Removing intermediate container ba97ef9a2eac
 ---> 525d045dc630
Step 7/10 : FROM nginx
latest: Pulling from library/nginx
bb79b6b2107f: Pulling fs layer
5a9f1c0027a7: Pulling fs layer
b5c20b2b484f: Pulling fs layer
166a2418f7e8: Pulling fs layer
1966ea362d23: Pulling fs layer
166a2418f7e8: Waiting
1966ea362d23: Waiting
b5c20b2b484f: Verifying Checksum
b5c20b2b484f: Download complete
166a2418f7e8: Verifying Checksum
166a2418f7e8: Download complete
1966ea362d23: Verifying Checksum
1966ea362d23: Download complete
5a9f1c0027a7: Verifying Checksum
5a9f1c0027a7: Download complete
bb79b6b2107f: Verifying Checksum
bb79b6b2107f: Download complete
bb79b6b2107f: Pull complete
5a9f1c0027a7: Pull complete
b5c20b2b484f: Pull complete
166a2418f7e8: Pull complete
1966ea362d23: Pull complete
Digest: sha256:aeade65e99e5d5e7ce162833636f692354c227ff438556e5f3ed0335b7cc2f1b
Status: Downloaded newer image for nginx:latest
 ---> c39a868aad02
Step 8/10 : EXPOSE 3000
 ---> Running in 920d0c0e0cc3
Removing intermediate container 920d0c0e0cc3
 ---> b367a708f16a
Step 9/10 : COPY ./nginx/default.conf /etc/nginx/conf.d/default.conf
 ---> 7a846700fb66
Step 10/10 : COPY --from=builder /app/build /usr/share/nginx/html
 ---> 8f7ad95640ed
Successfully built 8f7ad95640ed
Successfully tagged [secure]/multi-client:latest
travis_time:end:04ee8430:start=1605073392877496193,finish=1605073489687702040,duration=96810205847,event=after_success
[0Ktravis_fold:end:after_success.1
[0Ktravis_fold:start:after_success.2
[0Ktravis_time:start:18ad0cac
[0K$ docker build -t [secure]/multi-nginx ./nginx
Sending build context to Docker daemon  4.096kB


Step 1/2 : FROM nginx
 ---> c39a868aad02
Step 2/2 : COPY ./default.conf /etc/nginx/conf.d/default.conf
 ---> 4540bec709f7
Successfully built 4540bec709f7
Successfully tagged [secure]/multi-nginx:latest
travis_time:end:18ad0cac:start=1605073489693484983,finish=1605073489981659580,duration=288174597,event=after_success
[0Ktravis_fold:end:after_success.2
[0Ktravis_fold:start:after_success.3
[0Ktravis_time:start:3869fe95
[0K$ docker build -t [secure]/multi-server ./server
Sending build context to Docker daemon   7.68kB


Step 1/6 : FROM node:14.14.0-alpine
 ---> fa2fa5d4e6f4
Step 2/6 : WORKDIR "/app"
 ---> Using cache
 ---> b4462d9a3760
Step 3/6 : COPY ./package.json ./
 ---> fa1b0d63751c
Step 4/6 : RUN npm install
 ---> Running in a13f8a5c2a90
[91mnpm WARN deprecated chokidar@2.1.8: Chokidar 2 will break on node v14+. Upgrade to chokidar 3 with 15x less dependencies.
[0m[91mnpm[0m[91m [0m[91mWARN[0m[91m deprecated fsevents@1.2.13: fsevents 1 will break on node v14+ and could be using insecure binaries. Upgrade to fsevents 2.
[0m[91mnpm WARN deprecated resolve-url@0.2.1: https://github.com/lydell/resolve-url#deprecated
[0m[91mnpm WARN deprecated urix@0.1.0: Please see https://github.com/lydell/urix#deprecated
[0m
> nodemon@1.18.3 postinstall /app/node_modules/nodemon
> node bin/postinstall || exit 0

[32mLove nodemon? You can now support the project via the open collective:[22m[39m
 > [96m[1mhttps://opencollective.com/nodemon/donate[0m

[91mnpm[0m[91m notice created a lockfile as package-lock.json. You should commit this file.
[0m[91mnpm WARN optional SKIPPING OPTIONAL DEPENDENCY: fsevents@^1.2.7 (node_modules/chokidar/node_modules/fsevents):
npm [0m[91mWARN notsup SKIPPING OPTIONAL DEPENDENCY: Unsupported platform for fsevents@1.2.13: wanted {"os":"darwin","arch":"any"} (current: {"os":"linux","arch":"x64"})
[0m[91mnpm WARN app No description
[0m[91mnpm WARN app No repository field.
[0m[91mnpm WARN app No license field.
[0m[91m
[0madded 305 packages from 192 contributors and audited 306 packages in 6.119s
found 0 vulnerabilities

Removing intermediate container a13f8a5c2a90
 ---> dd78e6a5e2b9
Step 5/6 : COPY . .
 ---> 93793f123455
Step 6/6 : CMD ["npm", "run", "start"]
 ---> Running in d56ec4b3794b
Removing intermediate container d56ec4b3794b
 ---> 618c1fc7d90b
Successfully built 618c1fc7d90b
Successfully tagged [secure]/multi-server:latest
travis_time:end:3869fe95:start=1605073489987350450,finish=1605073499030546047,duration=9043195597,event=after_success
[0Ktravis_fold:end:after_success.3
[0Ktravis_fold:start:after_success.4
[0Ktravis_time:start:08b0ce0f
[0K$ docker build -t [secure]/multi-worker ./worker
Sending build context to Docker daemon  6.144kB


Step 1/6 : FROM node:14.14.0-alpine
 ---> fa2fa5d4e6f4
Step 2/6 : WORKDIR "/app"
 ---> Using cache
 ---> b4462d9a3760
Step 3/6 : COPY ./package.json ./
 ---> d601969ff7f3
Step 4/6 : RUN npm install
 ---> Running in f1180973cfbc
[91mnpm WARN deprecated chokidar@2.1.8: Chokidar 2 will break on node v14+. Upgrade to chokidar 3 with 15x less dependencies.
[0m[91mnpm WARN deprecated fsevents@1.2.13: fsevents 1 will break on node v14+ and could be using insecure binaries. Upgrade to fsevents 2.
[0m[91mnpm WARN deprecated resolve-url@0.2.1: https://github.com/lydell/resolve-url#deprecated
[0m[91mnpm WARN deprecated urix@0.1.0: Please see https://github.com/lydell/urix#deprecated
[0m
> nodemon@1.18.3 postinstall /app/node_modules/nodemon
> node bin/postinstall || exit 0

[32mLove nodemon? You can now support the project via the open collective:[22m[39m
 > [96m[1mhttps://opencollective.com/nodemon/donate[0m

[91mnpm notice created a lockfile as package-lock.json. You should commit this file.
[0m[91mnpm WARN[0m[91m [0m[91moptional[0m[91m SKIPPING OPTIONAL DEPENDENCY: fsevents@^1.2.7 (node_modules/chokidar/node_modules/fsevents):
[0m[91mnpm[0m[91m [0m[91mWARN[0m[91m [0m[91mnotsup[0m[91m SKIPPING OPTIONAL DEPENDENCY: Unsupported platform for fsevents@1.2.13: wanted {"os":"darwin","arch":"any"} (current: {"os":"linux","arch":"x64"})
[0m[91mnpm WARN app No description
[0m[91mnpm WARN app No repository field.
[0m[91mnpm WARN app No license field.
[0m[91m
[0madded 228 packages from 139 contributors and audited 229 packages in 4.971s
found 0 vulnerabilities

Removing intermediate container f1180973cfbc
 ---> b5fdf1d400d5
Step 5/6 : COPY . .
 ---> f33549054bb7
Step 6/6 : CMD ["npm", "run", "start"]
 ---> Running in b3725908c321
Removing intermediate container b3725908c321
 ---> a365d862f382
Successfully built a365d862f382
Successfully tagged [secure]/multi-worker:latest
travis_time:end:08b0ce0f:start=1605073499035742735,finish=1605073506543585494,duration=7507842759,event=after_success
[0Ktravis_fold:end:after_success.4
[0Ktravis_fold:start:after_success.5
[0Ktravis_time:start:02ce9c90
[0K$ echo "$DOCKER_PASSWORD" | docker login -u "$DOCKER_ID" --password-stdin
WARNING! Your password will be stored unencrypted in /home/travis/.docker/config.json.
Configure a credential helper to remove this warning. See
https://docs.docker.com/engine/reference/commandline/login/#credentials-store

Login Succeeded
travis_time:end:02ce9c90:start=1605073506549522239,finish=1605073507033275492,duration=483753253,event=after_success
[0Ktravis_fold:end:after_success.5
[0Ktravis_fold:start:after_success.6
[0Ktravis_time:start:03359b95
[0K$ docker push [secure]/multi-client
The push refers to repository [docker.io/[secure]/multi-client]
acfbd20cf60c: Preparing
23fd0d9c7f3f: Preparing
7b5417cae114: Preparing
aee208b6ccfb: Preparing
2f57e21e4365: Preparing
2baf69a23d7a: Preparing
d0fe97fa8b8c: Preparing
2baf69a23d7a: Waiting
d0fe97fa8b8c: Waiting
2f57e21e4365: Mounted from library/nginx
7b5417cae114: Mounted from library/nginx
aee208b6ccfb: Mounted from library/nginx
d0fe97fa8b8c: Mounted from library/nginx
2baf69a23d7a: Mounted from library/nginx
23fd0d9c7f3f: Pushed
acfbd20cf60c: Pushed
latest: digest: sha256:329be63e62fabc959450f414e8b0ec66b6bb2e89de8b4ad25e34cb4fc800141c size: 1779
travis_time:end:03359b95:start=1605073507038269121,finish=1605073514584288752,duration=7546019631,event=after_success
[0Ktravis_fold:end:after_success.6
[0Ktravis_fold:start:after_success.7
[0Ktravis_time:start:02e260c6
[0K$ docker push [secure]/multi-nginx
The push refers to repository [docker.io/[secure]/multi-nginx]
e508b62978c1: Preparing
7b5417cae114: Preparing
aee208b6ccfb: Preparing
2f57e21e4365: Preparing
2baf69a23d7a: Preparing
d0fe97fa8b8c: Preparing
d0fe97fa8b8c: Waiting
7b5417cae114: Mounted from [secure]/multi-client
aee208b6ccfb: Mounted from [secure]/multi-client
2f57e21e4365: Mounted from [secure]/multi-client
2baf69a23d7a: Mounted from [secure]/multi-client
d0fe97fa8b8c: Mounted from [secure]/multi-client
e508b62978c1: Pushed
latest: digest: sha256:e531f74a4099451c750ac762b31327a8f3537735dbb1005860e683adf534ad1e size: 1569
travis_time:end:02e260c6:start=1605073514589492695,finish=1605073522473386539,duration=7883893844,event=after_success
[0Ktravis_fold:end:after_success.7
[0Ktravis_fold:start:after_success.8
[0Ktravis_time:start:06ebf265
[0K$ docker push [secure]/multi-server
The push refers to repository [docker.io/[secure]/multi-server]
4164f7c45f2d: Preparing
543c14c65a23: Preparing
e6ff338269c3: Preparing
ac29e996f466: Preparing
61f945ebd234: Preparing
0c56cb2aff7a: Preparing
44a4ced26d67: Preparing
3e207b409db3: Preparing
0c56cb2aff7a: Waiting
44a4ced26d67: Waiting
3e207b409db3: Waiting
61f945ebd234: Mounted from library/node
0c56cb2aff7a: Mounted from library/node
44a4ced26d67: Mounted from library/node
4164f7c45f2d: Pushed
3e207b409db3: Mounted from library/node
e6ff338269c3: Pushed
ac29e996f466: Pushed
543c14c65a23: Pushed
latest: digest: sha256:aa7d87f7c0afd19212220123b6939f517bf0255ffc690a577ac891cf4666ce2f size: 1991
travis_time:end:06ebf265:start=1605073522480590820,finish=1605073532685169385,duration=10204578565,event=after_success
[0Ktravis_fold:end:after_success.8
[0Ktravis_fold:start:after_success.9
[0Ktravis_time:start:05745e28
[0K$ docker push [secure]/multi-worker
The push refers to repository [docker.io/[secure]/multi-worker]
538481cd230e: Preparing
d9309c16e1cb: Preparing
b10d2b696359: Preparing
ac29e996f466: Preparing
61f945ebd234: Preparing
0c56cb2aff7a: Preparing
44a4ced26d67: Preparing
3e207b409db3: Preparing
0c56cb2aff7a: Waiting
44a4ced26d67: Waiting
3e207b409db3: Waiting
61f945ebd234: Mounted from [secure]/multi-server
ac29e996f466: Mounted from [secure]/multi-server
0c56cb2aff7a: Mounted from [secure]/multi-server
44a4ced26d67: Mounted from [secure]/multi-server
3e207b409db3: Mounted from [secure]/multi-server
538481cd230e: Pushed
b10d2b696359: Pushed
d9309c16e1cb: Pushed
latest: digest: sha256:2c9a17a9c27dc96594a89bbea88eb2024a9600207b9a2e77bbb83699eb7f2957 size: 1990
travis_time:end:05745e28:start=1605073532692674818,finish=1605073539464130224,duration=6771455406,event=after_success
[0Ktravis_fold:end:after_success.9
[0K
Done. Your build exited with 0.