2020-11-11 20:18:08,477 P2995 [INFO] ************************************************************
2020-11-11 20:18:08,477 P2995 [INFO] ConfigSet _OnInstanceBoot
2020-11-11 20:18:08,482 P2995 [INFO] ++++++++++++++++++++++++++++++++++++++++++++++++++++++++++++
2020-11-11 20:18:08,482 P2995 [INFO] Config AWSEBBaseConfig
2020-11-11 20:18:08,484 P2995 [INFO] ============================================================
2020-11-11 20:18:08,484 P2995 [INFO] Command clearbackupfiles
2020-11-11 20:18:08,487 P2995 [INFO] Completed successfully.
2020-11-11 20:18:08,496 P2995 [INFO] ++++++++++++++++++++++++++++++++++++++++++++++++++++++++++++
2020-11-11 20:18:08,496 P2995 [INFO] Config AWSEBMessageOfTheDay
2020-11-11 20:18:08,497 P2995 [INFO] ============================================================
2020-11-11 20:18:08,497 P2995 [INFO] Command 01clearoriginal
2020-11-11 20:18:08,500 P2995 [INFO] Completed successfully.
2020-11-11 20:18:08,501 P2995 [INFO] ============================================================
2020-11-11 20:18:08,501 P2995 [INFO] Command 02createbanner
2020-11-11 20:18:08,505 P2995 [INFO] Completed successfully.
2020-11-11 20:18:08,505 P2995 [INFO] ============================================================
2020-11-11 20:18:08,506 P2995 [INFO] Command 03updatebanner
2020-11-11 20:18:08,517 P2995 [INFO] Completed successfully.
2020-11-11 20:18:08,524 P2995 [INFO] ++++++++++++++++++++++++++++++++++++++++++++++++++++++++++++
2020-11-11 20:18:08,524 P2995 [INFO] Config AWSEBULimitConfig
2020-11-11 20:18:08,525 P2995 [INFO] ============================================================
2020-11-11 20:18:08,525 P2995 [INFO] Command 00removebackup
2020-11-11 20:18:08,528 P2995 [INFO] Completed successfully.
2020-11-11 20:18:08,534 P2995 [INFO] ++++++++++++++++++++++++++++++++++++++++++++++++++++++++++++
2020-11-11 20:18:08,534 P2995 [INFO] Config AWSEBCfnHupEndpointOverride
2020-11-11 20:18:08,535 P2995 [INFO] ============================================================
2020-11-11 20:18:08,535 P2995 [INFO] Command clearbackupfiles
2020-11-11 20:18:08,538 P2995 [INFO] Completed successfully.
2020-11-11 20:18:08,544 P2995 [INFO] ++++++++++++++++++++++++++++++++++++++++++++++++++++++++++++
2020-11-11 20:18:08,544 P2995 [INFO] Config Infra-InstallContainerHooksPkg
2020-11-11 20:18:08,544 P2995 [INFO] ============================================================
2020-11-11 20:18:08,544 P2995 [INFO] Command 00mkdir
2020-11-11 20:18:08,547 P2995 [INFO] Completed successfully.
2020-11-11 20:18:08,548 P2995 [INFO] ============================================================
2020-11-11 20:18:08,548 P2995 [INFO] Command 01download_container_hooks
2020-11-11 20:18:08,586 P2995 [INFO] Completed successfully.
2020-11-11 20:18:08,587 P2995 [INFO] ============================================================
2020-11-11 20:18:08,587 P2995 [INFO] Command 02install_container_hooks
2020-11-11 20:18:08,592 P2995 [INFO] Completed successfully.
2020-11-11 20:18:08,593 P2995 [INFO] ============================================================
2020-11-11 20:18:08,593 P2995 [INFO] Command 03cleanup
2020-11-11 20:18:08,596 P2995 [INFO] Completed successfully.
2020-11-11 20:18:08,602 P2995 [INFO] ++++++++++++++++++++++++++++++++++++++++++++++++++++++++++++
2020-11-11 20:18:08,602 P2995 [INFO] Config Infra-WriteLeaderTestScript
2020-11-11 20:18:08,608 P2995 [INFO] ++++++++++++++++++++++++++++++++++++++++++++++++++++++++++++
2020-11-11 20:18:08,608 P2995 [INFO] Config Infra-WriteTailLogsConf
2020-11-11 20:18:08,613 P2995 [INFO] ++++++++++++++++++++++++++++++++++++++++++++++++++++++++++++
2020-11-11 20:18:08,613 P2995 [INFO] Config Infra-WriteSystemTailLogsConf
2020-11-11 20:18:08,619 P2995 [INFO] ++++++++++++++++++++++++++++++++++++++++++++++++++++++++++++
2020-11-11 20:18:08,619 P2995 [INFO] Config Infra-WriteBundleLogsConf
2020-11-11 20:18:08,624 P2995 [INFO] ++++++++++++++++++++++++++++++++++++++++++++++++++++++++++++
2020-11-11 20:18:08,624 P2995 [INFO] Config Infra-WritePublishLogsConf
2020-11-11 20:18:08,629 P2995 [INFO] ++++++++++++++++++++++++++++++++++++++++++++++++++++++++++++
2020-11-11 20:18:08,629 P2995 [INFO] Config Infra-WritePublishLogsCron
2020-11-11 20:19:01,537 P3904 [INFO] ************************************************************
2020-11-11 20:19:01,537 P3904 [INFO] ConfigSet Infra-EmbeddedPreBuild
2020-11-11 20:19:01,541 P3904 [INFO] ++++++++++++++++++++++++++++++++++++++++++++++++++++++++++++
2020-11-11 20:19:01,541 P3904 [INFO] Config prebuild_0_multi_docker
2020-11-11 20:19:01,546 P3904 [INFO] ++++++++++++++++++++++++++++++++++++++++++++++++++++++++++++
2020-11-11 20:19:01,546 P3904 [INFO] Config prebuild_1_multi_docker
2020-11-11 20:19:03,500 P4037 [INFO] ************************************************************
2020-11-11 20:19:03,501 P4037 [INFO] ConfigSet Infra-EmbeddedPostBuild
2020-11-11 20:19:03,504 P4037 [INFO] ++++++++++++++++++++++++++++++++++++++++++++++++++++++++++++
2020-11-11 20:19:03,504 P4037 [INFO] Config postbuild_0_multi_docker
2020-11-11 20:19:03,735 P4037 [INFO] ============================================================
2020-11-11 20:19:03,735 P4037 [INFO] Command 01-healthd-configure
2020-11-11 20:19:03,739 P4037 [INFO] -----------------------Command Output-----------------------
2020-11-11 20:19:03,740 P4037 [INFO] 	/home/ec2-user/setup-healthd-appstat.sh: line 1: #!/bin/sh: No such file or directory
2020-11-11 20:19:03,740 P4037 [INFO] ------------------------------------------------------------
2020-11-11 20:19:03,740 P4037 [INFO] Completed successfully.
2020-11-12 00:01:55,288 P25346 [INFO] ************************************************************
2020-11-12 00:01:55,288 P25346 [INFO] ConfigSet Infra-EmbeddedPreBuild
2020-11-12 00:01:57,329 P25490 [INFO] ************************************************************
2020-11-12 00:01:57,329 P25490 [INFO] ConfigSet Infra-EmbeddedPostBuild
