2020-11-11 20:18:08,466 [INFO] -----------------------Starting build-----------------------
2020-11-11 20:18:08,474 [INFO] Running configSets: _OnInstanceBoot
2020-11-11 20:18:08,477 [INFO] Running configSet _OnInstanceBoot
2020-11-11 20:18:08,482 [INFO] Running config AWSEBBaseConfig
2020-11-11 20:18:08,488 [INFO] Command clearbackupfiles succeeded
2020-11-11 20:18:08,496 [INFO] Running config AWSEBMessageOfTheDay
2020-11-11 20:18:08,500 [INFO] Command 01clearoriginal succeeded
2020-11-11 20:18:08,505 [INFO] Command 02createbanner succeeded
2020-11-11 20:18:08,518 [INFO] Command 03updatebanner succeeded
2020-11-11 20:18:08,524 [INFO] Running config AWSEBULimitConfig
2020-11-11 20:18:08,528 [INFO] Command 00removebackup succeeded
2020-11-11 20:18:08,534 [INFO] Running config AWSEBCfnHupEndpointOverride
2020-11-11 20:18:08,538 [INFO] Command clearbackupfiles succeeded
2020-11-11 20:18:08,544 [INFO] Running config Infra-InstallContainerHooksPkg
2020-11-11 20:18:08,548 [INFO] Command 00mkdir succeeded
2020-11-11 20:18:08,586 [INFO] Command 01download_container_hooks succeeded
2020-11-11 20:18:08,593 [INFO] Command 02install_container_hooks succeeded
2020-11-11 20:18:08,596 [INFO] Command 03cleanup succeeded
2020-11-11 20:18:08,602 [INFO] Running config Infra-WriteLeaderTestScript
2020-11-11 20:18:08,608 [INFO] Running config Infra-WriteTailLogsConf
2020-11-11 20:18:08,613 [INFO] Running config Infra-WriteSystemTailLogsConf
2020-11-11 20:18:08,619 [INFO] Running config Infra-WriteBundleLogsConf
2020-11-11 20:18:08,624 [INFO] Running config Infra-WritePublishLogsConf
2020-11-11 20:18:08,628 [INFO] Running config Infra-WritePublishLogsCron
2020-11-11 20:18:08,630 [INFO] ConfigSets completed
2020-11-11 20:18:08,630 [INFO] -----------------------Build complete-----------------------
2020-11-11 20:19:01,526 [INFO] -----------------------Starting build-----------------------
2020-11-11 20:19:01,534 [INFO] Running configSets: Infra-EmbeddedPreBuild
2020-11-11 20:19:01,537 [INFO] Running configSet Infra-EmbeddedPreBuild
2020-11-11 20:19:01,541 [INFO] Running config prebuild_0_multi_docker
2020-11-11 20:19:01,546 [INFO] Running config prebuild_1_multi_docker
2020-11-11 20:19:01,547 [INFO] ConfigSets completed
2020-11-11 20:19:01,547 [INFO] -----------------------Build complete-----------------------
2020-11-11 20:19:03,489 [INFO] -----------------------Starting build-----------------------
2020-11-11 20:19:03,497 [INFO] Running configSets: Infra-EmbeddedPostBuild
2020-11-11 20:19:03,500 [INFO] Running configSet Infra-EmbeddedPostBuild
2020-11-11 20:19:03,504 [INFO] Running config postbuild_0_multi_docker
2020-11-11 20:19:03,740 [INFO] Command 01-healthd-configure succeeded
2020-11-11 20:19:03,741 [INFO] ConfigSets completed
2020-11-11 20:19:03,742 [INFO] -----------------------Build complete-----------------------
2020-11-12 00:01:55,277 [INFO] -----------------------Starting build-----------------------
2020-11-12 00:01:55,285 [INFO] Running configSets: Infra-EmbeddedPreBuild
2020-11-12 00:01:55,288 [INFO] Running configSet Infra-EmbeddedPreBuild
2020-11-12 00:01:55,288 [INFO] ConfigSets completed
2020-11-12 00:01:55,288 [INFO] -----------------------Build complete-----------------------
2020-11-12 00:01:57,318 [INFO] -----------------------Starting build-----------------------
2020-11-12 00:01:57,326 [INFO] Running configSets: Infra-EmbeddedPostBuild
2020-11-12 00:01:57,329 [INFO] Running configSet Infra-EmbeddedPostBuild
2020-11-12 00:01:57,329 [INFO] ConfigSets completed
2020-11-12 00:01:57,329 [INFO] -----------------------Build complete-----------------------
