[2020-11-11T20:18:10.009Z] INFO  [3047]  - [Initialization] : Starting activity...
[2020-11-11T20:18:10.009Z] INFO  [3047]  - [Initialization/AddonsBefore] : Starting activity...
[2020-11-11T20:18:10.009Z] INFO  [3047]  - [Initialization/AddonsBefore/InstallCWLAgent] : Starting activity...
[2020-11-11T20:18:10.010Z] INFO  [3047]  - [Initialization/AddonsBefore/InstallCWLAgent/01-install-cwl-agent.sh] : Starting activity...
[2020-11-11T20:18:13.893Z] INFO  [3047]  - [Initialization/AddonsBefore/InstallCWLAgent/01-install-cwl-agent.sh] : Completed activity. Result:
  + grep -iq 'Amazon Linux' /etc/issue
  + yum install -y awslogs
  Loaded plugins: priorities, update-motd, upgrade-helper
  Repodata is over 2 weeks old. Install yum-cron? Or run: yum makecache fast
  Resolving Dependencies
  --> Running transaction check
  ---> Package awslogs.noarch 0:1.1.4-1.12.amzn1 will be installed
  --> Processing Dependency: aws-cli-plugin-cloudwatch-logs(python27) for package: awslogs-1.1.4-1.12.amzn1.noarch
  --> Running transaction check
  ---> Package aws-cli-plugin-cloudwatch-logs.noarch 0:1.4.6-1.17.amzn1 will be installed
  --> Finished Dependency Resolution
  
  Dependencies Resolved
  
  ================================================================================
   Package                         Arch    Version            Repository     Size
  ================================================================================
  Installing:
   awslogs                         noarch  1.1.4-1.12.amzn1   amzn-main     9.2 k
  Installing for dependencies:
   aws-cli-plugin-cloudwatch-logs  noarch  1.4.6-1.17.amzn1   amzn-updates   72 k
  
  Transaction Summary
  ================================================================================
  Install  1 Package (+1 Dependent package)
  
  Total download size: 81 k
  Installed size: 246 k
  Downloading packages:
  --------------------------------------------------------------------------------
  Total                                              592 kB/s |  81 kB  00:00     
  Running transaction check
  Running transaction test
  Transaction test succeeded
  Running transaction
    Installing : aws-cli-plugin-cloudwatch-logs-1.4.6-1.17.amzn1.noarch       1/2 
    Installing : awslogs-1.1.4-1.12.amzn1.noarch                              2/2 
    Verifying  : awslogs-1.1.4-1.12.amzn1.noarch                              1/2 
    Verifying  : aws-cli-plugin-cloudwatch-logs-1.4.6-1.17.amzn1.noarch       2/2 
  
  Installed:
    awslogs.noarch 0:1.1.4-1.12.amzn1                                             
  
  Dependency Installed:
    aws-cli-plugin-cloudwatch-logs.noarch 0:1.4.6-1.17.amzn1                      
  
  Complete!
  + cat
  ++ sed 's/.$//'
  ++ curl 169.254.169.254/latest/meta-data/placement/availability-zone
    % Total    % Received % Xferd  Average Speed   Time    Time     Time  Current
                                   Dload  Upload   Total   Spent    Left  Speed
    0     0    0     0    0     0      0      0 --:--:-- --:--:-- --:--:--     0100    10  100    10    0     0   5000      0 --:--:-- --:--:-- --:--:--  5000
  + region=us-east-2
  + sed -i -e 's/region = .*/region = us-east-2/g' /etc/awslogs/awscli.conf
  + /opt/elasticbeanstalk/bin/log-conf -n awslogs -l/var/log/awslogs.log
[2020-11-11T20:18:13.893Z] INFO  [3047]  - [Initialization/AddonsBefore/InstallCWLAgent] : Completed activity. Result:
  Successfully execute hooks in directory /opt/elasticbeanstalk/addons/logstreaming/hooks/install.
[2020-11-11T20:18:13.893Z] INFO  [3047]  - [Initialization/AddonsBefore] : Completed activity.
[2020-11-11T20:18:13.894Z] INFO  [3047]  - [Initialization/PreInitStage0] : Starting activity...
[2020-11-11T20:18:13.894Z] INFO  [3047]  - [Initialization/PreInitStage0/DownloadSourceBundle] : Starting activity...
[2020-11-11T20:18:14.211Z] INFO  [3047]  - [Initialization/PreInitStage0/DownloadSourceBundle] : Completed activity. Result:
  [2020-11-11T20:18:14.000Z] INFO  [3107]  : Application version will be saved to /opt/elasticbeanstalk/deploy/appsource.
  [2020-11-11T20:18:14.000Z] INFO  [3107]  : Using manifest cache with deployment ID 2 and serial 2.
  [2020-11-11T20:18:14.000Z] INFO  [3107]  : Attempting to download application source bundle to: '/opt/elasticbeanstalk/deploy/appsource/source_bundle'.
  [2020-11-11T20:18:14.000Z] INFO  [3107]  : Using computed s3 key.
  [2020-11-11T20:18:14.125Z] INFO  [3107]  : Downloading from bucket 'elasticbeanstalk-us-east-2-554777593914' with key 'resources/environments/e-rqcdutmseh/_runtime/_versions/multi-docker/Sample Application' and version '' to '/opt/elasticbeanstalk/deploy/appsource/source_bundle'.
  [2020-11-11T20:18:14.183Z] INFO  [3107]  : Size: 4336, ETag: "f29338135f8a748309894665332344ac", Metadata: {"environmentid"=>"e-rqcdutmseh", "requestid"=>"92d692a5-234c-49a1-8661-b98ef10a9050"}.
  [2020-11-11T20:18:14.197Z] INFO  [3107]  : Downloaded size: 4336.
  [2020-11-11T20:18:14.197Z] INFO  [3107]  : Successfully downloaded to '/opt/elasticbeanstalk/deploy/appsource/source_bundle'.
[2020-11-11T20:18:14.211Z] INFO  [3047]  - [Initialization/PreInitStage0/PreInitHook] : Starting activity...
[2020-11-11T20:18:14.211Z] INFO  [3047]  - [Initialization/PreInitStage0/PreInitHook/00logging.sh] : Starting activity...
[2020-11-11T20:18:14.439Z] INFO  [3047]  - [Initialization/PreInitStage0/PreInitHook/00logging.sh] : Completed activity. Result:
  + . /opt/elasticbeanstalk/hooks/common.sh
  + /opt/elasticbeanstalk/bin/log-conf -n eb-ecs-mgr -l/var/log/eb-ecs-mgr.log
  + tee /opt/elasticbeanstalk/tasks/bundlelogs.d/ecs-agent.conf /opt/elasticbeanstalk/tasks/publishlogs.d/ecs-agent.conf /opt/elasticbeanstalk/tasks/systemtaillogs.d/ecs-agent.conf /opt/elasticbeanstalk/tasks/taillogs.d/ecs-agent.conf
  + echo '/var/log/ecs/ecs-agent.log*'
  /var/log/ecs/ecs-agent.log*
  + tee /opt/elasticbeanstalk/tasks/bundlelogs.d/ecs-init.conf /opt/elasticbeanstalk/tasks/publishlogs.d/ecs-init.conf /opt/elasticbeanstalk/tasks/systemtaillogs.d/ecs-init.conf /opt/elasticbeanstalk/tasks/taillogs.d/ecs-init.conf
  + echo '/var/log/ecs/ecs-init.log*'
  /var/log/ecs/ecs-init.log*
  + /opt/elasticbeanstalk/bin/log-conf -n docker -l/var/log/docker-events.log,/var/log/docker-ps.log
  + /opt/elasticbeanstalk/bin/log-conf -n dockerdaemon -l/var/log/docker
  + /opt/elasticbeanstalk/bin/log-conf -n applogs-stdouterr '-l/var/log/containers/*-stdouterr.log'
[2020-11-11T20:18:14.439Z] INFO  [3047]  - [Initialization/PreInitStage0/PreInitHook/01packages.sh] : Starting activity...
[2020-11-11T20:18:20.277Z] INFO  [3047]  - [Initialization/PreInitStage0/PreInitHook/01packages.sh] : Completed activity. Result:
  + . /opt/elasticbeanstalk/hooks/common.sh
  + chkconfig cfn-hup on
  + is_baked ecs_packages
  + [[ -f /etc/elasticbeanstalk/baking_manifest/ecs_packages ]]
  + true
  + SET_LIMIT_SH=/etc/elasticbeanstalk/set-ulimit.sh
  + grep -q /etc/elasticbeanstalk/set-ulimit.sh
  + cat /etc/sysconfig/docker
  + cat
  ++ /opt/elasticbeanstalk/bin/get-config container -k docker_volume
  + EB_CONFIG_DOCKER_VOLUME=/dev/xvdcz
  + '[' -b /dev/xvdcz ']'
  + is_docker_storage_options_configured
  + '[' -f /etc/sysconfig/docker-storage ']'
  + . /etc/sysconfig/docker-storage
  ++ DOCKER_STORAGE_OPTIONS=
  + '[' -n '' ']'
  + service docker stop
  Stopping docker: [  OK  ]
  + rm -rf /var/lib/docker
  + run_docker_storage_setup
  + cat
  ++ lsblk -o MOUNTPOINT -nd /dev/xvdcz
  + '[' -n '' ']'
  + docker-storage-setup
  INFO: EXTRA_DOCKER_STORAGE_OPTIONS is deprecated, please use EXTRA_STORAGE_OPTIONS
  INFO: Volume group backing root filesystem could not be determined
  INFO: Device node /dev/xvdcz1 exists.
    Physical volume "/dev/xvdcz1" successfully created.
    Volume group "docker" successfully created
    Using default stripesize 64.00 KiB.
    Rounding up size to full physical extent 16.00 MiB
    Logical volume "docker-pool" created.
    Logical volume docker/docker-pool changed.
  + service docker restart
  Stopping docker: [FAILED]
  Starting docker:	.[  OK  ]
[2020-11-11T20:18:20.277Z] INFO  [3047]  - [Initialization/PreInitStage0/PreInitHook/02ecs.sh] : Starting activity...
[2020-11-11T20:19:00.461Z] INFO  [3047]  - [Initialization/PreInitStage0/PreInitHook/02ecs.sh] : Completed activity. Result:
  + . /opt/elasticbeanstalk/hooks/common.sh
  ++ /opt/elasticbeanstalk/bin/get-config container -k ecs_cluster
  + EB_CONFIG_ECS_CLUSTER=awseb-MultiDocker-env-rqcdutmseh
  ++ /opt/elasticbeanstalk/bin/get-config container -k ecs_region
  + EB_CONFIG_ECS_REGION=us-east-2
  ++ /opt/elasticbeanstalk/bin/get-config container -k support_files_dir
  + EB_CONFIG_SUPPORT_FILES_DIR=/opt/elasticbeanstalk/containerfiles/support
  + is_baked ecs_agent
  + [[ -f /etc/elasticbeanstalk/baking_manifest/ecs_agent ]]
  + true
  + aws configure set default.output json
  + aws configure set default.region us-east-2
  + echo ECS_ENABLE_TASK_ENI=false
  + echo ECS_CLUSTER=awseb-MultiDocker-env-rqcdutmseh
  + grep -q 'ecs start/'
  + initctl status ecs
  + initctl start ecs
  ecs start/running, process 3716
  + TIMEOUT=120
  ++ jq -r .ContainerInstanceArn
  ++ curl http://localhost:51678/v1/metadata
    % Total    % Received % Xferd  Average Speed   Time    Time     Time  Current
                                   Dload  Upload   Total   Spent    Left  Speed
    0     0    0     0    0     0      0      0 --:--:-- --:--:-- --:--:--     0curl: (7) Failed to connect to localhost port 51678: Connection refused
  + INSTANCE_ARN=
  + '[' -n '' ']'
  + sleep 1
  + TIMEOUT=119
  + '[' 119 -le 0 ']'
  ++ jq -r .ContainerInstanceArn
  ++ curl http://localhost:51678/v1/metadata
    % Total    % Received % Xferd  Average Speed   Time    Time     Time  Current
                                   Dload  Upload   Total   Spent    Left  Speed
    0     0    0     0    0     0      0      0 --:--:-- --:--:-- --:--:--     0curl: (7) Failed to connect to localhost port 51678: Connection refused
  + INSTANCE_ARN=
  + '[' -n '' ']'
  + sleep 1
  + TIMEOUT=118
  + '[' 118 -le 0 ']'
  ++ jq -r .ContainerInstanceArn
  ++ curl http://localhost:51678/v1/metadata
    % Total    % Received % Xferd  Average Speed   Time    Time     Time  Current
                                   Dload  Upload   Total   Spent    Left  Speed
    0     0    0     0    0     0      0      0 --:--:-- --:--:-- --:--:--     0curl: (7) Failed to connect to localhost port 51678: Connection refused
  + INSTANCE_ARN=
  + '[' -n '' ']'
  + sleep 1
  + TIMEOUT=117
  + '[' 117 -le 0 ']'
  ++ jq -r .ContainerInstanceArn
  ++ curl http://localhost:51678/v1/metadata
    % Total    % Received % Xferd  Average Speed   Time    Time     Time  Current
                                   Dload  Upload   Total   Spent    Left  Speed
    0     0    0     0    0     0      0      0 --:--:-- --:--:-- --:--:--     0100   241  100   241    0     0  60250      0 --:--:-- --:--:-- --:--:-- 60250
  + INSTANCE_ARN=arn:aws:ecs:us-east-2:554777593914:container-instance/awseb-MultiDocker-env-rqcdutmseh/b76d09498df140858e308eec76c4c9a3
  + '[' -n arn:aws:ecs:us-east-2:554777593914:container-instance/awseb-MultiDocker-env-rqcdutmseh/b76d09498df140858e308eec76c4c9a3 ']'
  + '[' arn:aws:ecs:us-east-2:554777593914:container-instance/awseb-MultiDocker-env-rqcdutmseh/b76d09498df140858e308eec76c4c9a3 '!=' null ']'
  + cp /opt/elasticbeanstalk/containerfiles/support/init/eb-ecs.conf /etc/init/
  + cp /opt/elasticbeanstalk/containerfiles/support/init/eb-docker-events.conf /etc/init/
  + grep -q running
  + initctl start eb-docker-events
[2020-11-11T20:19:00.462Z] INFO  [3047]  - [Initialization/PreInitStage0/PreInitHook] : Completed activity. Result:
  Successfully execute hooks in directory /opt/elasticbeanstalk/hooks/preinit.
[2020-11-11T20:19:00.462Z] INFO  [3047]  - [Initialization/PreInitStage0] : Completed activity. Result:
  Initialization - Command CMD-PreInit stage 0 completed
[2020-11-11T20:19:00.463Z] INFO  [3047]  - [Initialization/AddonsAfter] : Starting activity...
[2020-11-11T20:19:00.463Z] INFO  [3047]  - [Initialization/AddonsAfter] : Completed activity.
[2020-11-11T20:19:00.463Z] INFO  [3047]  - [Initialization] : Completed activity. Result:
  Initialization - Command CMD-PreInit succeeded
[2020-11-11T20:19:00.807Z] INFO  [3879]  - [Application deployment Sample Application@2] : Starting activity...
[2020-11-11T20:19:00.807Z] INFO  [3879]  - [Application deployment Sample Application@2/AddonsBefore] : Starting activity...
[2020-11-11T20:19:00.807Z] INFO  [3879]  - [Application deployment Sample Application@2/AddonsBefore/ConfigCWLAgent] : Starting activity...
[2020-11-11T20:19:00.808Z] INFO  [3879]  - [Application deployment Sample Application@2/AddonsBefore/ConfigCWLAgent/10-config.sh] : Starting activity...
[2020-11-11T20:19:00.940Z] INFO  [3879]  - [Application deployment Sample Application@2/AddonsBefore/ConfigCWLAgent/10-config.sh] : Completed activity. Result:
  Log streaming option setting is not specified, ignore cloudwatch logs setup.
  
  Disabled log streaming.
[2020-11-11T20:19:00.940Z] INFO  [3879]  - [Application deployment Sample Application@2/AddonsBefore/ConfigCWLAgent] : Completed activity. Result:
  Successfully execute hooks in directory /opt/elasticbeanstalk/addons/logstreaming/hooks/config.
[2020-11-11T20:19:00.940Z] INFO  [3879]  - [Application deployment Sample Application@2/AddonsBefore] : Completed activity.
[2020-11-11T20:19:00.941Z] INFO  [3879]  - [Application deployment Sample Application@2/StartupStage0] : Starting activity...
[2020-11-11T20:19:00.941Z] INFO  [3879]  - [Application deployment Sample Application@2/StartupStage0/HealthdLogRotation] : Starting activity...
[2020-11-11T20:19:00.946Z] INFO  [3879]  - [Application deployment Sample Application@2/StartupStage0/HealthdLogRotation] : Completed activity.
[2020-11-11T20:19:00.946Z] INFO  [3879]  - [Application deployment Sample Application@2/StartupStage0/HealthdHTTPDLogging] : Starting activity...
[2020-11-11T20:19:00.947Z] INFO  [3879]  - [Application deployment Sample Application@2/StartupStage0/HealthdHTTPDLogging] : Completed activity.
[2020-11-11T20:19:00.947Z] INFO  [3879]  - [Application deployment Sample Application@2/StartupStage0/HealthdNginxLogging] : Starting activity...
[2020-11-11T20:19:00.948Z] INFO  [3879]  - [Application deployment Sample Application@2/StartupStage0/HealthdNginxLogging] : Completed activity.
[2020-11-11T20:19:00.948Z] INFO  [3879]  - [Application deployment Sample Application@2/StartupStage0/EbExtensionPreBuild] : Starting activity...
[2020-11-11T20:19:01.537Z] INFO  [3879]  - [Application deployment Sample Application@2/StartupStage0/EbExtensionPreBuild/Infra-EmbeddedPreBuild] : Starting activity...
[2020-11-11T20:19:01.541Z] INFO  [3879]  - [Application deployment Sample Application@2/StartupStage0/EbExtensionPreBuild/Infra-EmbeddedPreBuild/prebuild_0_multi_docker] : Starting activity...
[2020-11-11T20:19:01.541Z] INFO  [3879]  - [Application deployment Sample Application@2/StartupStage0/EbExtensionPreBuild/Infra-EmbeddedPreBuild/prebuild_0_multi_docker] : Completed activity.
[2020-11-11T20:19:01.546Z] INFO  [3879]  - [Application deployment Sample Application@2/StartupStage0/EbExtensionPreBuild/Infra-EmbeddedPreBuild/prebuild_1_multi_docker] : Starting activity...
[2020-11-11T20:19:01.546Z] INFO  [3879]  - [Application deployment Sample Application@2/StartupStage0/EbExtensionPreBuild/Infra-EmbeddedPreBuild/prebuild_1_multi_docker] : Completed activity.
[2020-11-11T20:19:01.546Z] INFO  [3879]  - [Application deployment Sample Application@2/StartupStage0/EbExtensionPreBuild/Infra-EmbeddedPreBuild] : Completed activity.
[2020-11-11T20:19:01.566Z] INFO  [3879]  - [Application deployment Sample Application@2/StartupStage0/EbExtensionPreBuild] : Completed activity.
[2020-11-11T20:19:01.566Z] INFO  [3879]  - [Application deployment Sample Application@2/StartupStage0/AppDeployPreHook] : Starting activity...
[2020-11-11T20:19:01.567Z] INFO  [3879]  - [Application deployment Sample Application@2/StartupStage0/AppDeployPreHook/00enable-eb-ecs.sh] : Starting activity...
[2020-11-11T20:19:02.198Z] INFO  [3879]  - [Application deployment Sample Application@2/StartupStage0/AppDeployPreHook/00enable-eb-ecs.sh] : Completed activity. Result:
  mv: cannot stat ‘/etc/init/eb-ecs.conf.disabled’: No such file or directory
  Error response from daemon: No such image: 34a690d3c019:latest
[2020-11-11T20:19:02.198Z] INFO  [3879]  - [Application deployment Sample Application@2/StartupStage0/AppDeployPreHook/01unzip.sh] : Starting activity...
[2020-11-11T20:19:03.015Z] INFO  [3879]  - [Application deployment Sample Application@2/StartupStage0/AppDeployPreHook/01unzip.sh] : Completed activity. Result:
  + . /opt/elasticbeanstalk/hooks/common.sh
  ++ /opt/elasticbeanstalk/bin/get-config container -k source_bundle
  + EB_CONFIG_APP_SOURCE=/opt/elasticbeanstalk/deploy/appsource/source_bundle
  ++ /opt/elasticbeanstalk/bin/get-config container -k app_deploy_dir
  + EB_CONFIG_APP_CURRENT=/var/app/current
  ++ /opt/elasticbeanstalk/bin/get-config container -k support_files_dir
  + EB_SUPPORT_FILES=/opt/elasticbeanstalk/containerfiles/support
  ++ /opt/elasticbeanstalk/bin/get-config container -k host_log_dir
  + EB_CONFIG_DOCKER_LOG_HOST_DIR=/var/log/containers
  ++ /opt/elasticbeanstalk/bin/get-config container -k app_staging_dir
  + EB_CONFIG_APP_STAGING=/var/app/staging
  + '[' -z /var/app/staging ']'
  + rm -rf /var/app/staging
  + mkdir -p /var/app/staging
  ++ file -m /opt/elasticbeanstalk/containerfiles/support/beanstalk-magic -b --mime-type /opt/elasticbeanstalk/deploy/appsource/source_bundle
  + APP_BUNDLE_TYPE=application/zip
  + '[' application/zip = application/zip ']'
  + unzip -o -d /var/app/staging /opt/elasticbeanstalk/deploy/appsource/source_bundle
  Archive:  /opt/elasticbeanstalk/deploy/appsource/source_bundle
    inflating: /var/app/staging/cron.yaml  
     creating: /var/app/staging/php-app/
    inflating: /var/app/staging/php-app/static.html  
    inflating: /var/app/staging/php-app/index.php  
    inflating: /var/app/staging/php-app/scheduled.php  
    inflating: /var/app/staging/Dockerrun.aws.json  
     creating: /var/app/staging/proxy/
     creating: /var/app/staging/proxy/conf.d/
    inflating: /var/app/staging/proxy/conf.d/default.conf  
    inflating: /var/app/staging/.ebextensions/01-nginx-healthd.config  
  ++ jq -r '.containerDefinitions[].name'
  ++ cat /var/app/staging/Dockerrun.aws.json
  + for CONTAINER in '`cat $EB_CONFIG_APP_STAGING/Dockerrun.aws.json | jq -r .containerDefinitions[].name`'
  + CONTAINER_LOG_DIR=/var/log/containers/php-app
  + mkdir -p /var/log/containers/php-app
  + chmod 777 /var/log/containers/php-app
  + /opt/elasticbeanstalk/bin/log-conf -n applogs-php-app '-l/var/log/containers/php-app/*.log' -r size=1M,rotate=5
  + /opt/elasticbeanstalk/bin/log-conf -n applogs-php-app-rotated '-l/var/log/containers/php-app.log*' -t bundlelogs
  + for CONTAINER in '`cat $EB_CONFIG_APP_STAGING/Dockerrun.aws.json | jq -r .containerDefinitions[].name`'
  + CONTAINER_LOG_DIR=/var/log/containers/nginx-proxy
  + mkdir -p /var/log/containers/nginx-proxy
  + chmod 777 /var/log/containers/nginx-proxy
  + /opt/elasticbeanstalk/bin/log-conf -n applogs-nginx-proxy '-l/var/log/containers/nginx-proxy/*.log' -r size=1M,rotate=5
  + /opt/elasticbeanstalk/bin/log-conf -n applogs-nginx-proxy-rotated '-l/var/log/containers/nginx-proxy.log*' -t bundlelogs
[2020-11-11T20:19:03.015Z] INFO  [3879]  - [Application deployment Sample Application@2/StartupStage0/AppDeployPreHook/02loopback-check.sh] : Starting activity...
[2020-11-11T20:19:03.089Z] INFO  [3879]  - [Application deployment Sample Application@2/StartupStage0/AppDeployPreHook/02loopback-check.sh] : Completed activity. Result:
  WARNING: the devicemapper storage-driver is deprecated, and will be removed in a future release.
[2020-11-11T20:19:03.089Z] INFO  [3879]  - [Application deployment Sample Application@2/StartupStage0/AppDeployPreHook] : Completed activity. Result:
  Successfully execute hooks in directory /opt/elasticbeanstalk/hooks/appdeploy/pre.
[2020-11-11T20:19:03.089Z] INFO  [3879]  - [Application deployment Sample Application@2/StartupStage0/EbExtensionPostBuild] : Starting activity...
[2020-11-11T20:19:03.500Z] INFO  [3879]  - [Application deployment Sample Application@2/StartupStage0/EbExtensionPostBuild/Infra-EmbeddedPostBuild] : Starting activity...
[2020-11-11T20:19:03.504Z] INFO  [3879]  - [Application deployment Sample Application@2/StartupStage0/EbExtensionPostBuild/Infra-EmbeddedPostBuild/postbuild_0_multi_docker] : Starting activity...
[2020-11-11T20:19:03.735Z] INFO  [3879]  - [Application deployment Sample Application@2/StartupStage0/EbExtensionPostBuild/Infra-EmbeddedPostBuild/postbuild_0_multi_docker/Command 01-healthd-configure] : Starting activity...
[2020-11-11T20:19:03.740Z] INFO  [3879]  - [Application deployment Sample Application@2/StartupStage0/EbExtensionPostBuild/Infra-EmbeddedPostBuild/postbuild_0_multi_docker/Command 01-healthd-configure] : Completed activity. Result:
  /home/ec2-user/setup-healthd-appstat.sh: line 1: #!/bin/sh: No such file or directory
  
[2020-11-11T20:19:03.740Z] INFO  [3879]  - [Application deployment Sample Application@2/StartupStage0/EbExtensionPostBuild/Infra-EmbeddedPostBuild/postbuild_0_multi_docker] : Completed activity.
[2020-11-11T20:19:03.740Z] INFO  [3879]  - [Application deployment Sample Application@2/StartupStage0/EbExtensionPostBuild/Infra-EmbeddedPostBuild] : Completed activity.
[2020-11-11T20:19:03.760Z] INFO  [3879]  - [Application deployment Sample Application@2/StartupStage0/EbExtensionPostBuild] : Completed activity.
[2020-11-11T20:19:03.760Z] INFO  [3879]  - [Application deployment Sample Application@2/StartupStage0/InfraCleanEbextension] : Starting activity...
[2020-11-11T20:19:03.761Z] INFO  [3879]  - [Application deployment Sample Application@2/StartupStage0/InfraCleanEbextension] : Completed activity. Result:
  Cleaned ebextensions subdirectories from /var/app/staging.
[2020-11-11T20:19:03.761Z] INFO  [3879]  - [Application deployment Sample Application@2/StartupStage0] : Completed activity. Result:
  Application deployment - Command CMD-SelfStartup stage 0 completed
[2020-11-11T20:19:03.762Z] INFO  [3879]  - [Application deployment Sample Application@2/StartupStage1] : Starting activity...
[2020-11-11T20:19:03.762Z] INFO  [3879]  - [Application deployment Sample Application@2/StartupStage1/AppDeployEnactHook] : Starting activity...
[2020-11-11T20:19:03.764Z] INFO  [3879]  - [Application deployment Sample Application@2/StartupStage1/AppDeployEnactHook/00stop-task.sh] : Starting activity...
[2020-11-11T20:19:03.769Z] INFO  [3879]  - [Application deployment Sample Application@2/StartupStage1/AppDeployEnactHook/00stop-task.sh] : Completed activity. Result:
  + grep -q 'eb-ecs start/'
  + initctl status eb-ecs
[2020-11-11T20:19:03.769Z] INFO  [3879]  - [Application deployment Sample Application@2/StartupStage1/AppDeployEnactHook/01flip-dir.sh] : Starting activity...
[2020-11-11T20:19:03.962Z] INFO  [3879]  - [Application deployment Sample Application@2/StartupStage1/AppDeployEnactHook/01flip-dir.sh] : Completed activity. Result:
  + . /opt/elasticbeanstalk/hooks/common.sh
  ++ /opt/elasticbeanstalk/bin/get-config container -k app_deploy_dir
  + EB_CONFIG_APP_CURRENT=/var/app/current
  ++ /opt/elasticbeanstalk/bin/get-config container -k app_staging_dir
  + EB_CONFIG_APP_STAGING=/var/app/staging
  + '[' -z /var/app/staging ']'
  + '[' -d /var/app/current ']'
  + mv /var/app/staging /var/app/current
  + nohup rm -rf /var/app/current.old
[2020-11-11T20:19:03.962Z] INFO  [3879]  - [Application deployment Sample Application@2/StartupStage1/AppDeployEnactHook/02update-credentials.sh] : Starting activity...
[2020-11-11T20:19:04.170Z] INFO  [3879]  - [Application deployment Sample Application@2/StartupStage1/AppDeployEnactHook/02update-credentials.sh] : Completed activity.
[2020-11-11T20:19:04.171Z] INFO  [3879]  - [Application deployment Sample Application@2/StartupStage1/AppDeployEnactHook/03start-task.sh] : Starting activity...
[2020-11-11T20:19:27.358Z] INFO  [3879]  - [Application deployment Sample Application@2/StartupStage1/AppDeployEnactHook/03start-task.sh] : Completed activity. Result:
  + . /opt/elasticbeanstalk/hooks/common.sh
  + RETRY=0
  + initctl start eb-ecs EB_EVENT_FILE=/tmp/eventsfile20201111-3879-7zcrfq
  eb-ecs start/running, process 4719
[2020-11-11T20:19:27.358Z] INFO  [3879]  - [Application deployment Sample Application@2/StartupStage1/AppDeployEnactHook/04monitor_pids.sh] : Starting activity...
[2020-11-11T20:19:27.533Z] INFO  [3879]  - [Application deployment Sample Application@2/StartupStage1/AppDeployEnactHook/04monitor_pids.sh] : Completed activity. Result:
  + /opt/elasticbeanstalk/bin/healthd-track-pidfile --name application --location /var/run/docker.pid
[2020-11-11T20:19:27.533Z] INFO  [3879]  - [Application deployment Sample Application@2/StartupStage1/AppDeployEnactHook] : Completed activity. Result:
  Successfully execute hooks in directory /opt/elasticbeanstalk/hooks/appdeploy/enact.
[2020-11-11T20:19:27.533Z] INFO  [3879]  - [Application deployment Sample Application@2/StartupStage1/AppDeployPostHook] : Starting activity...
[2020-11-11T20:19:27.534Z] INFO  [3879]  - [Application deployment Sample Application@2/StartupStage1/AppDeployPostHook/00_clean_imgs.sh] : Starting activity...
[2020-11-11T20:19:28.668Z] INFO  [3879]  - [Application deployment Sample Application@2/StartupStage1/AppDeployPostHook/00_clean_imgs.sh] : Completed activity.
[2020-11-11T20:19:28.668Z] INFO  [3879]  - [Application deployment Sample Application@2/StartupStage1/AppDeployPostHook] : Completed activity. Result:
  Successfully execute hooks in directory /opt/elasticbeanstalk/hooks/appdeploy/post.
[2020-11-11T20:19:28.668Z] INFO  [3879]  - [Application deployment Sample Application@2/StartupStage1/PostInitHook] : Starting activity...
[2020-11-11T20:19:28.668Z] INFO  [3879]  - [Application deployment Sample Application@2/StartupStage1/PostInitHook] : Completed activity. Result:
  Successfully execute hooks in directory /opt/elasticbeanstalk/hooks/postinit.
[2020-11-11T20:19:28.669Z] INFO  [3879]  - [Application deployment Sample Application@2/StartupStage1] : Completed activity. Result:
  Application deployment - Command CMD-SelfStartup stage 1 completed
[2020-11-11T20:19:28.669Z] INFO  [3879]  - [Application deployment Sample Application@2/AddonsAfter] : Starting activity...
[2020-11-11T20:19:28.669Z] INFO  [3879]  - [Application deployment Sample Application@2/AddonsAfter/ConfigLogRotation] : Starting activity...
[2020-11-11T20:19:28.669Z] INFO  [3879]  - [Application deployment Sample Application@2/AddonsAfter/ConfigLogRotation/10-config.sh] : Starting activity...
[2020-11-11T20:19:28.753Z] INFO  [3879]  - [Application deployment Sample Application@2/AddonsAfter/ConfigLogRotation/10-config.sh] : Completed activity. Result:
  Disabled forced hourly log rotation.
[2020-11-11T20:19:28.753Z] INFO  [3879]  - [Application deployment Sample Application@2/AddonsAfter/ConfigLogRotation] : Completed activity. Result:
  Successfully execute hooks in directory /opt/elasticbeanstalk/addons/logpublish/hooks/config.
[2020-11-11T20:19:28.753Z] INFO  [3879]  - [Application deployment Sample Application@2/AddonsAfter] : Completed activity.
[2020-11-11T20:19:28.753Z] INFO  [3879]  - [Application deployment Sample Application@2] : Completed activity. Result:
  Application deployment - Command CMD-SelfStartup succeeded
[2020-11-11T20:38:03.409Z] INFO  [7432]  - [Configuration update Sample Application@3] : Starting activity...
[2020-11-11T20:38:03.409Z] INFO  [7432]  - [Configuration update Sample Application@3/AddonsBefore] : Starting activity...
[2020-11-11T20:38:03.409Z] INFO  [7432]  - [Configuration update Sample Application@3/AddonsBefore/ConfigCWLAgent] : Starting activity...
[2020-11-11T20:38:03.409Z] INFO  [7432]  - [Configuration update Sample Application@3/AddonsBefore/ConfigCWLAgent/10-config.sh] : Starting activity...
[2020-11-11T20:38:03.537Z] INFO  [7432]  - [Configuration update Sample Application@3/AddonsBefore/ConfigCWLAgent/10-config.sh] : Completed activity. Result:
  Log streaming option setting is not specified, ignore cloudwatch logs setup.
  
  Disabled log streaming.
[2020-11-11T20:38:03.538Z] INFO  [7432]  - [Configuration update Sample Application@3/AddonsBefore/ConfigCWLAgent] : Completed activity. Result:
  Successfully execute hooks in directory /opt/elasticbeanstalk/addons/logstreaming/hooks/config.
[2020-11-11T20:38:03.538Z] INFO  [7432]  - [Configuration update Sample Application@3/AddonsBefore] : Completed activity.
[2020-11-11T20:38:03.538Z] INFO  [7432]  - [Configuration update Sample Application@3/ConfigDeployStage0] : Starting activity...
[2020-11-11T20:38:03.538Z] INFO  [7432]  - [Configuration update Sample Application@3/ConfigDeployStage0/ConfigDeployPreHook] : Starting activity...
[2020-11-11T20:38:03.538Z] INFO  [7432]  - [Configuration update Sample Application@3/ConfigDeployStage0/ConfigDeployPreHook] : Completed activity. Result:
  Successfully execute hooks in directory /opt/elasticbeanstalk/hooks/configdeploy/pre.
[2020-11-11T20:38:03.538Z] INFO  [7432]  - [Configuration update Sample Application@3/ConfigDeployStage0] : Completed activity. Result:
  Configuration update - Command CMD-ConfigDeploy stage 0 completed
[2020-11-11T20:38:03.538Z] INFO  [7432]  - [Configuration update Sample Application@3/ConfigDeployStage1] : Starting activity...
[2020-11-11T20:38:03.538Z] INFO  [7432]  - [Configuration update Sample Application@3/ConfigDeployStage1/ConfigDeployEnactHook] : Starting activity...
[2020-11-11T20:38:03.539Z] INFO  [7432]  - [Configuration update Sample Application@3/ConfigDeployStage1/ConfigDeployEnactHook/00restart.sh] : Starting activity...
[2020-11-11T20:38:15.352Z] INFO  [7432]  - [Configuration update Sample Application@3/ConfigDeployStage1/ConfigDeployEnactHook/00restart.sh] : Completed activity. Result:
  + grep -q 'eb-ecs start/'
  + initctl status eb-ecs
  + initctl stop eb-ecs EB_EVENT_FILE=/tmp/eventsfile20201111-7432-1bdm6nw
  eb-ecs stop/waiting
  + . /opt/elasticbeanstalk/hooks/common.sh
  + RETRY=0
  + initctl start eb-ecs EB_EVENT_FILE=/tmp/eventsfile20201111-7432-1bdm6nw
  eb-ecs start/running, process 8107
[2020-11-11T20:38:15.352Z] INFO  [7432]  - [Configuration update Sample Application@3/ConfigDeployStage1/ConfigDeployEnactHook] : Completed activity. Result:
  Successfully execute hooks in directory /opt/elasticbeanstalk/hooks/configdeploy/enact.
[2020-11-11T20:38:15.352Z] INFO  [7432]  - [Configuration update Sample Application@3/ConfigDeployStage1/ConfigDeployPostHook] : Starting activity...
[2020-11-11T20:38:15.352Z] INFO  [7432]  - [Configuration update Sample Application@3/ConfigDeployStage1/ConfigDeployPostHook] : Completed activity. Result:
  Successfully execute hooks in directory /opt/elasticbeanstalk/hooks/configdeploy/post.
[2020-11-11T20:38:15.352Z] INFO  [7432]  - [Configuration update Sample Application@3/ConfigDeployStage1] : Completed activity. Result:
  Application restart - Command CMD-ConfigDeploy stage 1 completed
[2020-11-11T20:38:15.352Z] INFO  [7432]  - [Configuration update Sample Application@3/AddonsAfter] : Starting activity...
[2020-11-11T20:38:15.352Z] INFO  [7432]  - [Configuration update Sample Application@3/AddonsAfter/ConfigLogRotation] : Starting activity...
[2020-11-11T20:38:15.352Z] INFO  [7432]  - [Configuration update Sample Application@3/AddonsAfter/ConfigLogRotation/10-config.sh] : Starting activity...
[2020-11-11T20:38:15.592Z] INFO  [7432]  - [Configuration update Sample Application@3/AddonsAfter/ConfigLogRotation/10-config.sh] : Completed activity. Result:
  Disabled forced hourly log rotation.
[2020-11-11T20:38:15.592Z] INFO  [7432]  - [Configuration update Sample Application@3/AddonsAfter/ConfigLogRotation] : Completed activity. Result:
  Successfully execute hooks in directory /opt/elasticbeanstalk/addons/logpublish/hooks/config.
[2020-11-11T20:38:15.592Z] INFO  [7432]  - [Configuration update Sample Application@3/AddonsAfter] : Completed activity.
[2020-11-11T20:38:15.592Z] INFO  [7432]  - [Configuration update Sample Application@3] : Completed activity. Result:
  Configuration update - Command CMD-ConfigDeploy succeeded
[2020-11-11T22:56:54.386Z] INFO  [16251] - [CMD-TailLogs] : Starting activity...
[2020-11-11T22:56:54.386Z] INFO  [16251] - [CMD-TailLogs/AddonsBefore] : Starting activity...
[2020-11-11T22:56:54.386Z] INFO  [16251] - [CMD-TailLogs/AddonsBefore] : Completed activity.
[2020-11-11T22:56:54.387Z] INFO  [16251] - [CMD-TailLogs/TailLogsDockerPS] : Starting activity...
[2020-11-11T22:56:54.387Z] INFO  [16251] - [CMD-TailLogs/TailLogsDockerPS/DockerPS] : Starting activity...
[2020-11-11T22:56:54.455Z] INFO  [16251] - [CMD-TailLogs/TailLogsDockerPS/DockerPS] : Completed activity.
[2020-11-11T22:56:54.455Z] INFO  [16251] - [CMD-TailLogs/TailLogsDockerPS] : Completed activity. Result:
  CMD-TailLogs - stage 0 - Command CMD-TailLogs stage 0 completed
[2020-11-11T22:56:54.455Z] INFO  [16251] - [CMD-TailLogs/TailLogs] : Starting activity...
[2020-11-11T22:56:54.455Z] INFO  [16251] - [CMD-TailLogs/TailLogs/TailLogs] : Starting activity...
[2020-11-11T22:56:54.747Z] INFO  [16251] - [CMD-TailLogs/TailLogs/TailLogs] : Completed activity.
[2020-11-11T22:56:54.748Z] INFO  [16251] - [CMD-TailLogs/TailLogs] : Completed activity. Result:
  CMD-TailLogs - stage 1 - Command CMD-TailLogs stage 1 completed
[2020-11-11T22:56:54.748Z] INFO  [16251] - [CMD-TailLogs/AddonsAfter] : Starting activity...
[2020-11-11T22:56:54.748Z] INFO  [16251] - [CMD-TailLogs/AddonsAfter] : Completed activity.
[2020-11-11T22:56:54.748Z] INFO  [16251] - [CMD-TailLogs] : Completed activity. Result:
  CMD-TailLogs - Command CMD-TailLogs succeeded
[2020-11-12T00:01:54.022Z] INFO  [25297] - [Application update travis-cea78186ed4d5ffff75dff6934a7ec1e750d905c-1605139270@4] : Starting activity...
[2020-11-12T00:01:54.022Z] INFO  [25297] - [Application update travis-cea78186ed4d5ffff75dff6934a7ec1e750d905c-1605139270@4/AddonsBefore] : Starting activity...
[2020-11-12T00:01:54.022Z] INFO  [25297] - [Application update travis-cea78186ed4d5ffff75dff6934a7ec1e750d905c-1605139270@4/AddonsBefore/ConfigCWLAgent] : Starting activity...
[2020-11-12T00:01:54.022Z] INFO  [25297] - [Application update travis-cea78186ed4d5ffff75dff6934a7ec1e750d905c-1605139270@4/AddonsBefore/ConfigCWLAgent/10-config.sh] : Starting activity...
[2020-11-12T00:01:54.153Z] INFO  [25297] - [Application update travis-cea78186ed4d5ffff75dff6934a7ec1e750d905c-1605139270@4/AddonsBefore/ConfigCWLAgent/10-config.sh] : Completed activity. Result:
  Log streaming option setting is not specified, ignore cloudwatch logs setup.
  
  Disabled log streaming.
[2020-11-12T00:01:54.154Z] INFO  [25297] - [Application update travis-cea78186ed4d5ffff75dff6934a7ec1e750d905c-1605139270@4/AddonsBefore/ConfigCWLAgent] : Completed activity. Result:
  Successfully execute hooks in directory /opt/elasticbeanstalk/addons/logstreaming/hooks/config.
[2020-11-12T00:01:54.154Z] INFO  [25297] - [Application update travis-cea78186ed4d5ffff75dff6934a7ec1e750d905c-1605139270@4/AddonsBefore] : Completed activity.
[2020-11-12T00:01:54.557Z] INFO  [25297] - [Application update travis-cea78186ed4d5ffff75dff6934a7ec1e750d905c-1605139270@4/AppDeployStage0] : Starting activity...
[2020-11-12T00:01:54.557Z] INFO  [25297] - [Application update travis-cea78186ed4d5ffff75dff6934a7ec1e750d905c-1605139270@4/AppDeployStage0/DownloadSourceBundle] : Starting activity...
[2020-11-12T00:01:54.875Z] INFO  [25297] - [Application update travis-cea78186ed4d5ffff75dff6934a7ec1e750d905c-1605139270@4/AppDeployStage0/DownloadSourceBundle] : Completed activity. Result:
  [2020-11-12T00:01:54.669Z] INFO  [25340] : Application version will be saved to /opt/elasticbeanstalk/deploy/appsource.
  [2020-11-12T00:01:54.669Z] INFO  [25340] : Using manifest cache with deployment ID 4 and serial 4.
  [2020-11-12T00:01:54.669Z] INFO  [25340] : Attempting to download application source bundle to: '/opt/elasticbeanstalk/deploy/appsource/source_bundle'.
  [2020-11-12T00:01:54.669Z] INFO  [25340] : Using computed s3 key.
  [2020-11-12T00:01:54.793Z] INFO  [25340] : Downloading from bucket 'elasticbeanstalk-us-east-2-554777593914' with key 'resources/environments/e-rqcdutmseh/_runtime/_versions/multi-docker/travis-cea78186ed4d5ffff75dff6934a7ec1e750d905c-1605139270' and version '' to '/opt/elasticbeanstalk/deploy/appsource/source_bundle'.
  [2020-11-12T00:01:54.846Z] INFO  [25340] : Size: 34164, ETag: "b196c9eba90c8310e7570fb4666cc9db", Metadata: {"environmentid"=>"e-rqcdutmseh", "requestid"=>"3124c89b-43a2-4bdd-9b63-e03666241058"}.
  [2020-11-12T00:01:54.862Z] INFO  [25340] : Downloaded size: 34164.
  [2020-11-12T00:01:54.862Z] INFO  [25340] : Successfully downloaded to '/opt/elasticbeanstalk/deploy/appsource/source_bundle'.
[2020-11-12T00:01:54.875Z] INFO  [25297] - [Application update travis-cea78186ed4d5ffff75dff6934a7ec1e750d905c-1605139270@4/AppDeployStage0/EbExtensionPreBuild] : Starting activity...
[2020-11-12T00:01:55.288Z] INFO  [25297] - [Application update travis-cea78186ed4d5ffff75dff6934a7ec1e750d905c-1605139270@4/AppDeployStage0/EbExtensionPreBuild/Infra-EmbeddedPreBuild] : Starting activity...
[2020-11-12T00:01:55.288Z] INFO  [25297] - [Application update travis-cea78186ed4d5ffff75dff6934a7ec1e750d905c-1605139270@4/AppDeployStage0/EbExtensionPreBuild/Infra-EmbeddedPreBuild] : Completed activity.
[2020-11-12T00:01:55.304Z] INFO  [25297] - [Application update travis-cea78186ed4d5ffff75dff6934a7ec1e750d905c-1605139270@4/AppDeployStage0/EbExtensionPreBuild] : Completed activity.
[2020-11-12T00:01:55.304Z] INFO  [25297] - [Application update travis-cea78186ed4d5ffff75dff6934a7ec1e750d905c-1605139270@4/AppDeployStage0/AppDeployPreHook] : Starting activity...
[2020-11-12T00:01:55.304Z] INFO  [25297] - [Application update travis-cea78186ed4d5ffff75dff6934a7ec1e750d905c-1605139270@4/AppDeployStage0/AppDeployPreHook/00enable-eb-ecs.sh] : Starting activity...
[2020-11-12T00:01:55.887Z] INFO  [25297] - [Application update travis-cea78186ed4d5ffff75dff6934a7ec1e750d905c-1605139270@4/AppDeployStage0/AppDeployPreHook/00enable-eb-ecs.sh] : Completed activity. Result:
  mv: cannot stat ‘/etc/init/eb-ecs.conf.disabled’: No such file or directory
[2020-11-12T00:01:55.887Z] INFO  [25297] - [Application update travis-cea78186ed4d5ffff75dff6934a7ec1e750d905c-1605139270@4/AppDeployStage0/AppDeployPreHook/01unzip.sh] : Starting activity...
[2020-11-12T00:01:56.843Z] INFO  [25297] - [Application update travis-cea78186ed4d5ffff75dff6934a7ec1e750d905c-1605139270@4/AppDeployStage0/AppDeployPreHook/01unzip.sh] : Completed activity. Result:
  + . /opt/elasticbeanstalk/hooks/common.sh
  ++ /opt/elasticbeanstalk/bin/get-config container -k source_bundle
  + EB_CONFIG_APP_SOURCE=/opt/elasticbeanstalk/deploy/appsource/source_bundle
  ++ /opt/elasticbeanstalk/bin/get-config container -k app_deploy_dir
  + EB_CONFIG_APP_CURRENT=/var/app/current
  ++ /opt/elasticbeanstalk/bin/get-config container -k support_files_dir
  + EB_SUPPORT_FILES=/opt/elasticbeanstalk/containerfiles/support
  ++ /opt/elasticbeanstalk/bin/get-config container -k host_log_dir
  + EB_CONFIG_DOCKER_LOG_HOST_DIR=/var/log/containers
  ++ /opt/elasticbeanstalk/bin/get-config container -k app_staging_dir
  + EB_CONFIG_APP_STAGING=/var/app/staging
  + '[' -z /var/app/staging ']'
  + rm -rf /var/app/staging
  + mkdir -p /var/app/staging
  ++ file -m /opt/elasticbeanstalk/containerfiles/support/beanstalk-magic -b --mime-type /opt/elasticbeanstalk/deploy/appsource/source_bundle
  + APP_BUNDLE_TYPE=application/zip
  + '[' application/zip = application/zip ']'
  + unzip -o -d /var/app/staging /opt/elasticbeanstalk/deploy/appsource/source_bundle
  Archive:  /opt/elasticbeanstalk/deploy/appsource/source_bundle
    inflating: /var/app/staging/.travis.yml  
    inflating: /var/app/staging/Dockerrun.aws.json  
    inflating: /var/app/staging/README.md  
    inflating: /var/app/staging/client/.gitignore  
    inflating: /var/app/staging/client/Dockerfile  
    inflating: /var/app/staging/client/Dockerfile.dev  
    inflating: /var/app/staging/client/README.md  
    inflating: /var/app/staging/client/nginx/default.conf  
    inflating: /var/app/staging/client/package.json  
    inflating: /var/app/staging/client/public/favicon.ico  
    inflating: /var/app/staging/client/public/index.html  
    inflating: /var/app/staging/client/public/logo192.png  
    inflating: /var/app/staging/client/public/logo512.png  
    inflating: /var/app/staging/client/public/manifest.json  
    inflating: /var/app/staging/client/public/robots.txt  
    inflating: /var/app/staging/client/src/App.css  
    inflating: /var/app/staging/client/src/App.js  
    inflating: /var/app/staging/client/src/App.test.js  
    inflating: /var/app/staging/client/src/Fib.js  
    inflating: /var/app/staging/client/src/OtherPage.js  
    inflating: /var/app/staging/client/src/index.css  
    inflating: /var/app/staging/client/src/index.js  
    inflating: /var/app/staging/client/src/logo.svg  
    inflating: /var/app/staging/client/src/serviceWorker.js  
    inflating: /var/app/staging/client/src/setupTests.js  
    inflating: /var/app/staging/docker-compose.yml  
    inflating: /var/app/staging/nginx/Dockerfile  
    inflating: /var/app/staging/nginx/Dockerfile.dev  
    inflating: /var/app/staging/nginx/default.conf  
    inflating: /var/app/staging/server/Dockerfile  
    inflating: /var/app/staging/server/Dockerfile.dev  
    inflating: /var/app/staging/server/index.js  
    inflating: /var/app/staging/server/keys.js  
    inflating: /var/app/staging/server/package.json  
    inflating: /var/app/staging/worker/Dockerfile  
    inflating: /var/app/staging/worker/Dockerfile.dev  
    inflating: /var/app/staging/worker/index.js  
    inflating: /var/app/staging/worker/keys.js  
    inflating: /var/app/staging/worker/package.json  
  ++ jq -r '.containerDefinitions[].name'
  ++ cat /var/app/staging/Dockerrun.aws.json
  + for CONTAINER in '`cat $EB_CONFIG_APP_STAGING/Dockerrun.aws.json | jq -r .containerDefinitions[].name`'
  + CONTAINER_LOG_DIR=/var/log/containers/client
  + mkdir -p /var/log/containers/client
  + chmod 777 /var/log/containers/client
  + /opt/elasticbeanstalk/bin/log-conf -n applogs-client '-l/var/log/containers/client/*.log' -r size=1M,rotate=5
  + /opt/elasticbeanstalk/bin/log-conf -n applogs-client-rotated '-l/var/log/containers/client.log*' -t bundlelogs
  + for CONTAINER in '`cat $EB_CONFIG_APP_STAGING/Dockerrun.aws.json | jq -r .containerDefinitions[].name`'
  + CONTAINER_LOG_DIR=/var/log/containers/server
  + mkdir -p /var/log/containers/server
  + chmod 777 /var/log/containers/server
  + /opt/elasticbeanstalk/bin/log-conf -n applogs-server '-l/var/log/containers/server/*.log' -r size=1M,rotate=5
  + /opt/elasticbeanstalk/bin/log-conf -n applogs-server-rotated '-l/var/log/containers/server.log*' -t bundlelogs
  + for CONTAINER in '`cat $EB_CONFIG_APP_STAGING/Dockerrun.aws.json | jq -r .containerDefinitions[].name`'
  + CONTAINER_LOG_DIR=/var/log/containers/worker
  + mkdir -p /var/log/containers/worker
  + chmod 777 /var/log/containers/worker
  + /opt/elasticbeanstalk/bin/log-conf -n applogs-worker '-l/var/log/containers/worker/*.log' -r size=1M,rotate=5
  + /opt/elasticbeanstalk/bin/log-conf -n applogs-worker-rotated '-l/var/log/containers/worker.log*' -t bundlelogs
  + for CONTAINER in '`cat $EB_CONFIG_APP_STAGING/Dockerrun.aws.json | jq -r .containerDefinitions[].name`'
  + CONTAINER_LOG_DIR=/var/log/containers/nginx
  + mkdir -p /var/log/containers/nginx
  + chmod 777 /var/log/containers/nginx
  + /opt/elasticbeanstalk/bin/log-conf -n applogs-nginx '-l/var/log/containers/nginx/*.log' -r size=1M,rotate=5
  + /opt/elasticbeanstalk/bin/log-conf -n applogs-nginx-rotated '-l/var/log/containers/nginx.log*' -t bundlelogs
[2020-11-12T00:01:56.843Z] INFO  [25297] - [Application update travis-cea78186ed4d5ffff75dff6934a7ec1e750d905c-1605139270@4/AppDeployStage0/AppDeployPreHook/02loopback-check.sh] : Starting activity...
[2020-11-12T00:01:56.915Z] INFO  [25297] - [Application update travis-cea78186ed4d5ffff75dff6934a7ec1e750d905c-1605139270@4/AppDeployStage0/AppDeployPreHook/02loopback-check.sh] : Completed activity. Result:
  WARNING: the devicemapper storage-driver is deprecated, and will be removed in a future release.
[2020-11-12T00:01:56.915Z] INFO  [25297] - [Application update travis-cea78186ed4d5ffff75dff6934a7ec1e750d905c-1605139270@4/AppDeployStage0/AppDeployPreHook] : Completed activity. Result:
  Successfully execute hooks in directory /opt/elasticbeanstalk/hooks/appdeploy/pre.
[2020-11-12T00:01:56.915Z] INFO  [25297] - [Application update travis-cea78186ed4d5ffff75dff6934a7ec1e750d905c-1605139270@4/AppDeployStage0/EbExtensionPostBuild] : Starting activity...
[2020-11-12T00:01:57.329Z] INFO  [25297] - [Application update travis-cea78186ed4d5ffff75dff6934a7ec1e750d905c-1605139270@4/AppDeployStage0/EbExtensionPostBuild/Infra-EmbeddedPostBuild] : Starting activity...
[2020-11-12T00:01:57.329Z] INFO  [25297] - [Application update travis-cea78186ed4d5ffff75dff6934a7ec1e750d905c-1605139270@4/AppDeployStage0/EbExtensionPostBuild/Infra-EmbeddedPostBuild] : Completed activity.
[2020-11-12T00:01:57.345Z] INFO  [25297] - [Application update travis-cea78186ed4d5ffff75dff6934a7ec1e750d905c-1605139270@4/AppDeployStage0/EbExtensionPostBuild] : Completed activity.
[2020-11-12T00:01:57.345Z] INFO  [25297] - [Application update travis-cea78186ed4d5ffff75dff6934a7ec1e750d905c-1605139270@4/AppDeployStage0/InfraCleanEbextension] : Starting activity...
[2020-11-12T00:01:57.346Z] INFO  [25297] - [Application update travis-cea78186ed4d5ffff75dff6934a7ec1e750d905c-1605139270@4/AppDeployStage0/InfraCleanEbextension] : Completed activity. Result:
  Cleaned ebextensions subdirectories from /var/app/staging.
[2020-11-12T00:01:57.346Z] INFO  [25297] - [Application update travis-cea78186ed4d5ffff75dff6934a7ec1e750d905c-1605139270@4/AppDeployStage0] : Completed activity. Result:
  Application update - Command CMD-AppDeploy stage 0 completed
[2020-11-12T00:01:57.346Z] INFO  [25297] - [Application update travis-cea78186ed4d5ffff75dff6934a7ec1e750d905c-1605139270@4/AppDeployStage1] : Starting activity...
[2020-11-12T00:01:57.346Z] INFO  [25297] - [Application update travis-cea78186ed4d5ffff75dff6934a7ec1e750d905c-1605139270@4/AppDeployStage1/AppDeployEnactHook] : Starting activity...
[2020-11-12T00:01:57.346Z] INFO  [25297] - [Application update travis-cea78186ed4d5ffff75dff6934a7ec1e750d905c-1605139270@4/AppDeployStage1/AppDeployEnactHook/00stop-task.sh] : Starting activity...
[2020-11-12T00:02:01.424Z] INFO  [25297] - [Application update travis-cea78186ed4d5ffff75dff6934a7ec1e750d905c-1605139270@4/AppDeployStage1/AppDeployEnactHook/00stop-task.sh] : Completed activity. Result:
  + grep -q 'eb-ecs start/'
  + initctl status eb-ecs
  + initctl stop eb-ecs EB_EVENT_FILE=/tmp/eventsfile20201112-25297-1kq5cuf
  eb-ecs stop/waiting
[2020-11-12T00:02:01.424Z] INFO  [25297] - [Application update travis-cea78186ed4d5ffff75dff6934a7ec1e750d905c-1605139270@4/AppDeployStage1/AppDeployEnactHook/01flip-dir.sh] : Starting activity...
[2020-11-12T00:02:01.623Z] INFO  [25297] - [Application update travis-cea78186ed4d5ffff75dff6934a7ec1e750d905c-1605139270@4/AppDeployStage1/AppDeployEnactHook/01flip-dir.sh] : Completed activity. Result:
  + . /opt/elasticbeanstalk/hooks/common.sh
  ++ /opt/elasticbeanstalk/bin/get-config container -k app_deploy_dir
  + EB_CONFIG_APP_CURRENT=/var/app/current
  ++ /opt/elasticbeanstalk/bin/get-config container -k app_staging_dir
  + EB_CONFIG_APP_STAGING=/var/app/staging
  + '[' -z /var/app/staging ']'
  + '[' -d /var/app/current ']'
  + mv /var/app/current /var/app/current.old
  + mv /var/app/staging /var/app/current
  + nohup rm -rf /var/app/current.old
[2020-11-12T00:02:01.623Z] INFO  [25297] - [Application update travis-cea78186ed4d5ffff75dff6934a7ec1e750d905c-1605139270@4/AppDeployStage1/AppDeployEnactHook/02update-credentials.sh] : Starting activity...
[2020-11-12T00:02:01.830Z] INFO  [25297] - [Application update travis-cea78186ed4d5ffff75dff6934a7ec1e750d905c-1605139270@4/AppDeployStage1/AppDeployEnactHook/02update-credentials.sh] : Completed activity.
[2020-11-12T00:02:01.830Z] INFO  [25297] - [Application update travis-cea78186ed4d5ffff75dff6934a7ec1e750d905c-1605139270@4/AppDeployStage1/AppDeployEnactHook/03start-task.sh] : Starting activity...
[2020-11-12T00:02:21.771Z] INFO  [25297] - [Application update travis-cea78186ed4d5ffff75dff6934a7ec1e750d905c-1605139270@4/AppDeployStage1/AppDeployEnactHook/03start-task.sh] : Completed activity. Result:
  + . /opt/elasticbeanstalk/hooks/common.sh
  + RETRY=0
  + initctl start eb-ecs EB_EVENT_FILE=/tmp/eventsfile20201112-25297-1kq5cuf
  eb-ecs start/running, process 26839
[2020-11-12T00:02:21.771Z] INFO  [25297] - [Application update travis-cea78186ed4d5ffff75dff6934a7ec1e750d905c-1605139270@4/AppDeployStage1/AppDeployEnactHook/04monitor_pids.sh] : Starting activity...
[2020-11-12T00:02:22.080Z] INFO  [25297] - [Application update travis-cea78186ed4d5ffff75dff6934a7ec1e750d905c-1605139270@4/AppDeployStage1/AppDeployEnactHook/04monitor_pids.sh] : Completed activity. Result:
  + /opt/elasticbeanstalk/bin/healthd-track-pidfile --name application --location /var/run/docker.pid
[2020-11-12T00:02:22.080Z] INFO  [25297] - [Application update travis-cea78186ed4d5ffff75dff6934a7ec1e750d905c-1605139270@4/AppDeployStage1/AppDeployEnactHook] : Completed activity. Result:
  Successfully execute hooks in directory /opt/elasticbeanstalk/hooks/appdeploy/enact.
[2020-11-12T00:02:22.080Z] INFO  [25297] - [Application update travis-cea78186ed4d5ffff75dff6934a7ec1e750d905c-1605139270@4/AppDeployStage1/AppDeployPostHook] : Starting activity...
[2020-11-12T00:02:22.082Z] INFO  [25297] - [Application update travis-cea78186ed4d5ffff75dff6934a7ec1e750d905c-1605139270@4/AppDeployStage1/AppDeployPostHook/00_clean_imgs.sh] : Starting activity...
[2020-11-12T00:02:23.462Z] INFO  [25297] - [Application update travis-cea78186ed4d5ffff75dff6934a7ec1e750d905c-1605139270@4/AppDeployStage1/AppDeployPostHook/00_clean_imgs.sh] : Completed activity. Result:
  Error response from daemon: No such image: 392b734d4d61:latest
  Error response from daemon: No such image: c39a868aad02:latest
[2020-11-12T00:02:23.462Z] INFO  [25297] - [Application update travis-cea78186ed4d5ffff75dff6934a7ec1e750d905c-1605139270@4/AppDeployStage1/AppDeployPostHook] : Completed activity. Result:
  Successfully execute hooks in directory /opt/elasticbeanstalk/hooks/appdeploy/post.
[2020-11-12T00:02:23.462Z] INFO  [25297] - [Application update travis-cea78186ed4d5ffff75dff6934a7ec1e750d905c-1605139270@4/AppDeployStage1] : Completed activity. Result:
  Application version switch - Command CMD-AppDeploy stage 1 completed
[2020-11-12T00:02:23.462Z] INFO  [25297] - [Application update travis-cea78186ed4d5ffff75dff6934a7ec1e750d905c-1605139270@4/AddonsAfter] : Starting activity...
[2020-11-12T00:02:23.462Z] INFO  [25297] - [Application update travis-cea78186ed4d5ffff75dff6934a7ec1e750d905c-1605139270@4/AddonsAfter/ConfigLogRotation] : Starting activity...
[2020-11-12T00:02:23.466Z] INFO  [25297] - [Application update travis-cea78186ed4d5ffff75dff6934a7ec1e750d905c-1605139270@4/AddonsAfter/ConfigLogRotation/10-config.sh] : Starting activity...
[2020-11-12T00:02:23.570Z] INFO  [25297] - [Application update travis-cea78186ed4d5ffff75dff6934a7ec1e750d905c-1605139270@4/AddonsAfter/ConfigLogRotation/10-config.sh] : Completed activity. Result:
  Disabled forced hourly log rotation.
[2020-11-12T00:02:23.570Z] INFO  [25297] - [Application update travis-cea78186ed4d5ffff75dff6934a7ec1e750d905c-1605139270@4/AddonsAfter/ConfigLogRotation] : Completed activity. Result:
  Successfully execute hooks in directory /opt/elasticbeanstalk/addons/logpublish/hooks/config.
[2020-11-12T00:02:23.570Z] INFO  [25297] - [Application update travis-cea78186ed4d5ffff75dff6934a7ec1e750d905c-1605139270@4/AddonsAfter] : Completed activity.
[2020-11-12T00:02:23.571Z] INFO  [25297] - [Application update travis-cea78186ed4d5ffff75dff6934a7ec1e750d905c-1605139270@4] : Completed activity. Result:
  Application update - Command CMD-AppDeploy succeeded
[2020-11-12T00:12:45.841Z] INFO  [28374] - [CMD-BundleLogs] : Starting activity...
[2020-11-12T00:12:45.841Z] INFO  [28374] - [CMD-BundleLogs/AddonsBefore] : Starting activity...
[2020-11-12T00:12:45.841Z] INFO  [28374] - [CMD-BundleLogs/AddonsBefore] : Completed activity.
[2020-11-12T00:12:45.841Z] INFO  [28374] - [CMD-BundleLogs/BundleLogs] : Starting activity...
[2020-11-12T00:12:45.841Z] INFO  [28374] - [CMD-BundleLogs/BundleLogs/BundleLogs] : Starting activity...
